gen,gen,min,avg,max,std
0,0,-682.8900225961092,-351.7461713936162,-64.34006310692904,185.3361473597901
1,1,-682.8900225961092,-280.01528831226096,-71.38631891207633,149.5765787422449
2,2,-522.0524311913778,-226.68703595184616,-71.38631891207633,102.20131397090077
3,3,-522.0524311913778,-209.96956761000052,-69.8745505263248,108.36028887177939
4,4,-369.04789572218397,-196.6834746795608,-69.8745505263248,80.30595216485303
5,5,-369.04789572218397,-178.45276217402753,-69.8745505263248,72.51846024748492
6,6,-369.04789572218397,-163.99876726220882,-69.8745505263248,66.21380599760396
7,7,-269.6749296984191,-132.99996338172159,-47.42733505495019,53.57349152265657
8,8,-269.6749296984191,-128.48069412659257,-47.42733505495019,67.37947478172352
9,9,-269.6749296984191,-139.55253248062323,-47.42733505495019,77.05196446964588
10,10,-269.6749296984191,-144.55045611432575,-47.42733505495019,63.13614854009647
11,11,-269.6749296984191,-137.78618730783387,-47.42733505495019,61.61476957693002
12,12,-269.6749296984191,-129.73964475922355,-47.42733505495019,58.58629334083911
13,13,-269.6749296984191,-129.5862972174388,-47.42733505495019,48.44666062480517
14,14,-269.6749296984191,-131.61073906414552,-47.42733505495019,52.7199298684472
15,15,-250.86900648371832,-133.04071252228806,-4.967319767208099,47.54264754401474
16,16,-238.87489355108707,-127.2330704536596,-4.967319767208099,49.45513698239247
17,17,-238.87489355108707,-137.79173888505557,-4.967319767208099,50.694825722799855
18,18,-238.87489355108707,-149.77173535573692,-4.967319767208099,58.559711700794224
19,19,-238.87489355108707,-133.4021787247379,-4.967319767208099,56.50863911985364
20,20,-238.87489355108707,-127.15994701560464,-7.228847633233211,52.46240101817153
21,21,-238.87489355108707,-133.44382623986561,-47.42733505495019,60.19206721320076
22,22,-238.87489355108707,-136.17537755467214,-47.42733505495019,55.82572129560895
23,23,-238.87489355108707,-132.68515372648358,55.60574952138165,54.08175342387647
24,24,-238.87489355108707,-128.5176614307385,-33.22535145698752,32.227685604603884
25,25,-238.87489355108707,-129.24564262201312,-66.63345405361405,28.509177979072984
26,26,-211.92630722463477,-126.02609929049689,-6.4251148494045225,26.657630850203848
27,27,-211.92630722463477,-117.36551033977439,89.66983591646931,44.71785104959692
28,28,-146.43104016902907,-122.91185540910215,-6.4251148494045225,30.42516598709565
29,29,-146.43104016902907,-127.40657085806693,-90.67958692136672,15.453709956791737
30,30,-174.0682642874277,-126.47691243563573,-79.84614875448581,18.417907844570582
31,31,-238.87489355108707,-132.42160689099418,-106.4694592075031,22.928810676056685
32,32,-174.0682642874277,-123.70835658235028,-30.765181163990775,25.52997353923768
33,33,-174.0682642874277,-123.98648936580219,-47.42733505495019,27.45686185046732
34,34,-174.0682642874277,-121.2527310424729,-47.42733505495019,28.90370763915313
35,35,-174.0682642874277,-119.78085249201604,-47.42733505495019,31.149730038115916
36,36,-174.0682642874277,-119.35366225333196,-47.42733505495019,28.0798192832279
37,37,-174.0682642874277,-115.93032494278555,-56.5318546263454,27.396492990414348
38,38,-136.25649351882956,-115.37743659755328,-56.5318546263454,25.797912067331747
39,39,-136.25649351882956,-117.15852702106744,-23.937073310919814,24.91964928313755
40,40,-136.25649351882956,-112.12306833359044,-23.937073310919814,29.730304139434597
41,41,-136.25649351882956,-109.8546861687106,-23.937073310919814,31.768790627454237
42,42,-136.25649351882956,-105.76648578195775,-23.937073310919814,36.111610990975194
43,43,-135.1860646640511,-96.18300345117366,2.4136984040089,41.67274864158919
44,44,-135.1860646640511,-95.01794041394318,2.4136984040089,46.55844982663475
45,45,-136.25649351882956,-97.58460913984008,-16.038079450741595,41.44653158333362
46,46,-136.25649351882956,-102.00892043772458,-23.937073310919814,42.779041079672
47,47,-146.43104016902907,-107.82896474212107,-23.937073310919814,39.23204574866854
48,48,-146.43104016902907,-111.4594363119717,-23.937073310919814,37.70272300528527
49,49,-146.43104016902907,-104.95992583853194,-23.937073310919814,37.90840852377691
50,50,-146.43104016902907,-106.13589143997766,-16.010061077495365,35.49516848522721
51,51,-136.25649351882956,-105.98652790321978,-23.937073310919814,35.4567868968357
52,52,-136.25649351882956,-103.25340870044108,-23.937073310919814,35.59894235618394
53,53,-238.87489355108707,-110.4612133854007,-23.937073310919814,45.38549464844244
54,54,-238.87489355108707,-122.42699687094122,-36.32566965231092,48.178993034966695
55,55,-238.87489355108707,-119.2428005785493,-36.32566965231092,39.23831007987966
56,56,-238.87489355108707,-116.99856301829882,-36.32566965231092,41.7632783619978
57,57,-238.87489355108707,-120.17457145335229,-14.705150900344949,41.44683248107913
58,58,-238.87489355108707,-132.26946984970942,-14.705150900344949,50.49393061898729
59,59,-238.87489355108707,-120.94840962524611,-47.42733505495019,46.75316845436758
60,60,-238.87489355108707,-108.38510616210792,-18.04514240938762,46.06546442559553
61,61,-211.92630722463477,-107.71970055868044,-18.04514240938762,47.828386762510576
62,62,-211.92630722463477,-113.40111695480877,-18.04514240938762,36.32052039210606
63,63,-238.87489355108707,-117.60359616200269,-54.36003717462737,47.18484377667424
64,64,-238.87489355108707,-110.16818152273086,3.4012741627774026,46.77817346707524
65,65,-238.87489355108707,-119.90612611623632,3.4012741627774026,58.6429064618581
66,66,-238.87489355108707,-109.40571951711941,3.4012741627774026,45.217349394346066
67,67,-211.92630722463477,-105.1269079464389,3.4012741627774026,46.14347687444864
68,68,-211.92630722463477,-102.59523100238789,-24.082649499636116,39.68285346201256
69,69,-211.92630722463477,-104.7510908993369,23.337323116064436,51.53245682148443
70,70,-211.92630722463477,-109.01879387405953,23.337323116064436,52.477482329514665
71,71,-211.92630722463477,-119.64582276472825,-43.25034086529073,42.52037703024097
72,72,-211.92630722463477,-101.95138760614729,-20.701229288368108,40.761865971455094
73,73,-211.92630722463477,-98.84546526932138,37.95686166012178,51.488821669437414
74,74,-211.92630722463477,-102.03124566492656,37.95686166012178,45.99796425238644
75,75,-211.92630722463477,-96.27020324927828,37.95686166012178,45.22093271896865
76,76,-133.64516263312248,-84.91951779413746,37.95686166012178,51.293795243439405
77,77,-136.25649351882956,-74.32155254407833,37.95686166012178,50.21500506999005
78,78,-136.25649351882956,-65.88080163581739,9.146672121360256,49.212793270463656
79,79,-136.25649351882956,-57.0541764167863,9.146672121360256,53.11687927352176
