gen,gen,min,avg,max,std
0,0,-633.4685094860631,-329.97570388325505,-124.58768077326603,174.65875604920376
1,1,-501.57092361868916,-233.8540082977667,-112.23458293927843,114.95863196596244
2,2,-501.57092361868916,-229.51852461613808,-82.99469107442398,112.6915974766135
3,3,-501.57092361868916,-204.6590289271837,-82.99469107442398,105.3828225565429
4,4,-501.57092361868916,-186.45657980916042,-72.09156838616191,102.82833967623802
5,5,-501.57092361868916,-169.39832650536886,-82.99469107442398,92.23723750151356
6,6,-475.86525175239075,-172.91301751498614,-82.99469107442398,95.05618813019048
7,7,-475.86525175239075,-151.0980151996577,-82.99469107442398,68.0307636551574
8,8,-274.72315486725057,-133.42279631870647,-82.99469107442398,32.47298632959987
9,9,-163.83875943891996,-120.02004984204964,2.9991465056184503,25.321124230833096
10,10,-135.64304549487028,-113.58590652786401,2.9991465056184503,29.563772993661992
11,11,-135.64304549487028,-112.25616072014938,2.9991465056184503,29.15963657178213
12,12,-326.79737178141175,-111.02095908982282,2.9991465056184503,64.664183328091
13,13,-188.6919576473874,-104.95257569140679,2.9991465056184503,45.953422457385024
14,14,-188.6919576473874,-101.1121972743782,2.9991465056184503,43.48881152757459
15,15,-188.6919576473874,-100.00395123900971,2.9991465056184503,46.927812472151025
16,16,-188.6919576473874,-100.2420501136398,48.32372363068071,52.00596388188488
17,17,-188.6919576473874,-87.63650455056789,2.9991465056184503,52.736988698416475
18,18,-347.34096257705886,-99.36519287285627,2.9991465056184503,85.7318408984672
19,19,-347.34096257705886,-96.72113360115061,2.9991465056184503,85.85587779712785
20,20,-347.34096257705886,-97.36134783165728,2.9991465056184503,82.07197604439253
21,21,-501.57092361868916,-76.29036364927364,2.9991465056184503,87.83262095919378
22,22,-501.57092361868916,-72.16115471280655,2.9991465056184503,107.6196752586477
23,23,-318.75439521238854,-52.57373910648524,28.359182834462572,62.775482622679746
24,24,-318.75439521238854,-50.524196061575196,28.359182834462572,59.90936437684632
25,25,-318.75439521238854,-88.19172176302386,28.359182834462572,81.9418307475075
26,26,-318.75439521238854,-79.04802965480583,28.359182834462572,92.77255612322635
27,27,-318.75439521238854,-79.31120535485749,28.359182834462572,86.42571572127288
28,28,-318.75439521238854,-60.975000566968085,28.359182834462572,82.0668776326636
29,29,-318.75439521238854,-66.19871797198216,28.359182834462572,88.5098237861164
30,30,-318.75439521238854,-45.239412113054414,31.104368458958053,67.99449335078603
31,31,-130.57001503395102,-41.85827852931601,31.104368458958053,48.19827873041688
32,32,-109.73633572615216,-30.281055834717762,31.104368458958053,42.39950002191149
33,33,-109.73633572615216,-20.340044684002027,31.104368458958053,40.87295279489826
34,34,-109.73633572615216,-29.759030376297375,31.104368458958053,44.022518785674514
35,35,-82.99469107442398,-19.324447082905834,52.70930027485149,38.125463198834275
36,36,-109.73633572615216,-28.175506246577743,52.70930027485149,45.32414534224841
37,37,-123.24624792440568,-30.696262829463528,52.70930027485149,47.947927800690415
38,38,-123.24624792440568,-27.002801402606657,52.70930027485149,47.28745338674366
39,39,-123.24624792440568,-24.378207234009768,52.70930027485149,48.05827660244403
40,40,-121.50185546803435,-13.600105194069773,52.70930027485149,46.43792147264243
41,41,-121.50185546803435,-19.270988034468463,52.70930027485149,46.881214036458864
42,42,-121.50185546803435,-12.760268556335747,52.70930027485149,54.56668163600692
43,43,-121.50185546803435,-10.728179845168556,52.70930027485149,52.83791106390894
44,44,-121.50185546803435,-3.8988449416846507,52.70930027485149,51.10060342139031
45,45,-121.50185546803435,-0.4680565659609986,52.70930027485149,57.25562383906223
46,46,-121.50185546803435,-3.127919546624298,52.70930027485149,57.193759163689634
47,47,-121.50185546803435,-3.9441249965101512,52.70930027485149,57.45507008348521
48,48,-121.50185546803435,-19.785912539507315,52.70930027485149,64.33479698532558
49,49,-121.50185546803435,-13.189862320933818,52.70930027485149,60.75705916633911
50,50,-121.50185546803435,-27.828752004091562,52.70930027485149,69.45167715316536
51,51,-121.50185546803435,-21.093886364481136,59.560684010750286,70.163009649969
52,52,-121.50185546803435,-32.67262922134533,59.560684010750286,69.36549654087382
53,53,-121.50185546803435,-19.581956390064637,59.560684010750286,69.35269194141765
54,54,-121.50185546803435,-4.208934126268586,91.6031777255265,64.76942123803143
55,55,-121.50185546803435,-1.8525744861970224,91.6031777255265,69.70136722413278
56,56,-121.50185546803435,1.1059130833782376,91.6031777255265,68.38196316158599
57,57,-121.50185546803435,16.67045846663796,91.6031777255265,64.21124124191535
58,58,-121.50185546803435,-7.008762868356624,91.6031777255265,78.48659778905996
59,59,-121.50185546803435,-23.061410569756664,91.6031777255265,79.77778075993022
60,60,-121.50185546803435,-48.18949654509946,63.46872825970522,76.83516692644207
61,61,-121.50185546803435,-25.36322278602174,63.46872825970522,73.03005498705804
62,62,-121.50185546803435,-20.619955634617753,93.51349069132414,73.1914329139446
63,63,-121.50185546803435,-16.7619711252649,93.51349069132414,66.09384467414544
64,64,-121.50185546803435,-27.744726431651873,52.70930027485149,63.72234301547229
65,65,-121.50185546803435,-26.154836429762007,52.70930027485149,58.481923782998265
66,66,-121.50185546803435,-9.665806472628516,52.70930027485149,58.6926830120252
67,67,-121.50185546803435,-6.937834651700607,52.70930027485149,57.92172928423112
68,68,-121.50185546803435,-9.696610392037488,52.70930027485149,55.04087295643922
69,69,-121.50185546803435,-17.4820175284754,52.70930027485149,60.21250543216557
70,70,-121.50185546803435,-18.2459440367129,91.6031777255265,65.8699523473928
71,71,-121.50185546803435,-17.221343849646374,91.6031777255265,64.54472091229042
72,72,-109.86404342045205,-23.106685725328585,91.6031777255265,63.5814401199072
73,73,-107.11156374875253,-19.830693154103223,91.6031777255265,60.90370901948413
74,74,-96.8970915574958,-7.208610176879833,91.6031777255265,54.22669609948785
75,75,-96.8970915574958,-13.80851206611429,91.6031777255265,58.32955369128799
76,76,-96.8970915574958,-8.79788061948187,91.6031777255265,62.79959326790575
77,77,-86.82798320022596,-13.975599693016472,91.6031777255265,56.437222945674115
78,78,-86.82798320022596,-20.823920893150877,91.6031777255265,57.047956547557924
79,79,-86.82798320022596,-28.912481744088574,91.6031777255265,56.417331321624204
