gen,gen,fit_min,nov_min,fit_avg,nov_avg,fit_max,nov_max,fit_std,nov_std
0,0,-738.6783562018433,0.054038515346906735,-426.48015777420915,0.4267287912004195,-70.2752693988673,0.7822235448661163,174.19661772082864,0.15644094325875196
1,1,-708.0208122010894,0.12516607363321086,-438.9672607889331,0.45728985715608206,-39.524316868262936,0.7887419675338332,178.15690298239306,0.15025212024863827
2,2,-724.9126767450289,0.08820187212062626,-384.198713271845,0.3975914263534859,25.96382770414047,0.8106474096685445,185.5241800589072,0.17047214843808287
3,3,-683.811632853025,0.09320371884313602,-406.9646166911307,0.3933080657063555,-59.19705315864164,0.8517364669201417,188.44851319287434,0.16659457533287972
4,4,-671.1508475312665,0.06179826897826401,-389.08040406719067,0.3610344465761564,-74.06939848472149,0.7170007322229435,169.86556082846357,0.15984275873463383
5,5,-731.2959048970657,0.049430297537145194,-417.3380897217242,0.3814404771202443,-96.75475019660549,0.732409902153473,189.0664183387827,0.1698493363773984
6,6,-685.8856072284179,0.07784541540024557,-415.1272827110318,0.38358706246146823,-105.7189923629063,0.7780573606055807,173.6575750760714,0.15270164800095376
7,7,-676.7766997849035,0.13473706058226717,-434.68124187395455,0.4259987067824725,-59.507473552133696,0.8366094348071031,179.52901968879038,0.15788864964091517
8,8,-692.7537814690655,0.09397466340619287,-429.2318847627411,0.36027483911393354,-72.56469791404403,0.7206690128877887,170.98149202049632,0.15678977037339595
9,9,-668.8517158477904,0.09791688962043595,-432.4481853578394,0.40988883181389285,-96.18664256733707,0.911114833584702,159.8049791119542,0.20577428030509645
10,10,-726.9979740448202,0.07863660066326998,-413.5895851864275,0.3723962371395926,-67.5483511405926,0.8740443125638042,162.26830844734422,0.1738865952912321
11,11,-699.797128174902,0.10822508754388582,-413.8179339798304,0.39299117292337477,-4.509689703653247,0.8169541105519033,172.74617867365882,0.17661973745706558
12,12,-720.0446396112301,0.006193482066403511,-431.6217767426953,0.39511602544820945,-64.69624089073433,0.8788495906794082,175.11432792643464,0.18866047404608743
13,13,-739.9547587636353,0.12725608488964824,-434.6270941491205,0.39425566425846403,-39.778716826188855,0.7757433524536449,169.4393520487152,0.1692763675184444
14,14,-715.4025757398936,0.0844607623674385,-400.6377116452023,0.40292212117571274,25.573215609150406,0.7841667324942991,197.46666162141588,0.18813281715102181
15,15,-681.4942920608885,0.0827475372829127,-409.2823787285884,0.4072201562088992,-1.30391921602061,0.7746635394514525,196.11269012060973,0.18240101004034243
16,16,-672.9389617852661,0.053224900429934795,-395.64865794461554,0.35889221761781553,-34.78953149566241,0.9121484567850369,172.90609869201785,0.19924600066966175
17,17,-792.2761903232558,0.0615892635222039,-437.9921073137381,0.4133280844042719,-48.281365387974795,0.7616494204657216,205.1607719062297,0.18731203271430966
18,18,-757.7193089863257,0.10620093895758499,-424.2657133394478,0.3635411734176879,-110.27564206244215,0.842214582083149,181.12915950911656,0.1763631459021799
19,19,-730.9315738063118,0.14044091549651921,-422.35518476314513,0.43766401425509804,-92.03873433474477,0.912433794130269,165.65783833085803,0.18887442625926557
20,20,-670.6018441781449,0.07424591420311916,-413.5797928667527,0.41840845375927754,-116.40385879937594,0.8555079312337561,161.5317225585102,0.2028872414443789
21,21,-732.1172845213705,0.08026608585165204,-420.69791609377984,0.4224555032249115,-117.96354438706301,0.9840790364088857,185.81046380159052,0.20418797708781775
22,22,-699.4061504434288,0.08764479845315325,-418.24239624506697,0.4013082997140537,-15.73097862808271,0.8978840950418626,190.43257567842457,0.19047081276538347
23,23,-753.1976141221181,0.04994369692610477,-435.3582208917229,0.40278010969320394,-137.0240101316795,0.7068706832609796,173.90639698129556,0.18242240182097313
24,24,-724.2218033661534,0.15427685384683987,-412.6885090678083,0.42710356024871476,-43.00689546833177,0.7985335148044821,166.35163864527468,0.1986106471048365
25,25,-726.732748243557,0.06026128989257518,-441.30406761247247,0.41318066084966026,-96.69888173324928,0.8519292585824562,159.74804773738157,0.22197101646134215
26,26,-740.9189628366288,0.09723657623224954,-392.87931260299695,0.3987522280350164,-61.81214075668541,0.8778629006976449,187.9015176024373,0.18708306844739575
27,27,-677.2807965325734,0.08205939685530271,-465.2005867307866,0.47021408392551234,-32.19524950975876,0.9257836257325573,161.28233181864786,0.22242525304587932
28,28,-760.9191813820863,0.038896272139707644,-424.5134031257119,0.3700765772758007,-99.38089782983305,0.8538792306342777,163.70894860719338,0.21685082186794852
29,29,-990.1633608819229,0.10275851963132852,-465.3130458499815,0.4693819461499796,19.06749699593948,0.801080274990382,180.1547614705037,0.1989769095870866
30,30,-685.6940941646939,0.12171032893155766,-376.83400651368146,0.44514712129814293,-70.33861381838442,0.9418542292738624,194.08521147364098,0.24876322959638789
31,31,-970.7935262134048,0.0768555104639698,-424.9184907076553,0.4158284594501689,-54.259065741804704,0.8899791262404899,192.45989583633846,0.22486667710904107
32,32,-703.9513195257156,0.08988745608658355,-415.9475129916092,0.44017573975514174,-100.03008775359706,0.9154824501982728,171.73362445180084,0.23877934919179758
33,33,-725.0585247813428,0.08079221107445117,-379.99880341483276,0.385644841091129,-97.68428309122669,0.8367684506118596,169.6891508192816,0.19939222599853648
34,34,-791.3065280056577,0.041784267154611046,-417.84746285135265,0.4094860326518823,-49.63170174545419,0.9019720715906293,191.50977621283738,0.2174263406102781
35,35,-729.8645724728943,0.1278984729224191,-416.69371689731173,0.4432713692202147,-92.20221598906933,0.8756470045657188,182.3629225905782,0.22253825419594433
36,36,-721.0897042247935,0.0526092178669476,-403.21141864694715,0.3854702672902404,-11.75916024630447,0.9029180303504858,192.41731543568937,0.239045256862096
37,37,-735.5723442002333,0.0758785312836491,-430.782544388123,0.3775320909247587,-60.304430228753084,0.8643255199836218,162.2436847198623,0.20900228532141418
38,38,-670.4915258672614,0.06558713594239841,-427.93889755105965,0.4012592628950141,-67.11702136805171,0.7854856851804976,171.35565798782426,0.18526870552861954
39,39,-760.6822369064048,0.055323064363801376,-404.554584427997,0.3763105270608087,-105.1571074645761,0.7777337540780297,171.060583651545,0.20868119236393926
40,40,-690.5547750225337,0.08543568045712382,-440.5250724783995,0.4690111985235694,-52.11502648299858,1.0570360132309746,164.44621105121388,0.24645132301708797
41,41,-681.5060384346493,0.04710807216407098,-393.12989109907255,0.4149553124805973,44.95376274626566,0.8355104946792535,177.08319310712923,0.2195492125817227
42,42,-672.9111585312911,0.033536393959176264,-408.5951385753031,0.39541175880158436,-98.14447645676756,0.8641074546971651,172.2532125628551,0.23209519355703173
43,43,-666.9840856965869,0.03787101842745227,-429.8361358707404,0.4287873952723192,-18.156438968844952,0.9418470518667481,176.91181377140057,0.23297790815482697
44,44,-867.8819515864034,-0.05618787302390775,-398.25182682409303,0.364218949015565,-111.36395501138067,0.9259135294307669,187.84700055712025,0.25667466203336414
45,45,-707.8496836948992,0.11760545688642363,-388.10332751689253,0.3951416187991206,-53.549504937503265,0.8932939042393984,185.52930810319572,0.23420771211738275
46,46,-670.4915258672614,0.0719582638771602,-388.3611724246347,0.40216834116132455,-62.73830916177767,0.9246333610347627,187.95173485830995,0.22767009166787217
47,47,-668.7281160755239,0.05096098256211601,-413.51461578681057,0.38200352058572457,-110.05964963730334,0.8921352983414579,167.37053480889105,0.25872112287181037
48,48,-843.9399806234784,0.06467902630226433,-435.974106444395,0.41615698411814084,-69.20239139321227,0.8625993758533677,177.30104636610454,0.22738524277883385
49,49,-739.41490621498,0.09799514601056747,-387.2720338896628,0.41812448731369556,-20.274143898454856,0.9581245665248672,193.54269404179013,0.2468993945020659
50,50,-825.8890950767191,0.05612056776682248,-416.43175682325585,0.38207558316035906,-5.949354859136197,0.8502551931589893,201.12490615237274,0.23795672568319032
51,51,-783.4094956892408,0.08770971316616738,-415.66016574891233,0.4098312588198178,-48.77418734564497,0.8740651204348789,193.81087531806133,0.23406955298362775
52,52,-716.9369053270897,0.04967647733749475,-416.6267827628601,0.38944449622650573,-76.98819171918156,0.9577417383869624,170.9301341615322,0.25042494772440405
53,53,-742.4134545905223,0.09446629780499652,-415.139324378443,0.4363686925116854,-11.011089803425568,0.8855129376266404,199.6930695760564,0.22611880391795483
54,54,-730.9383090283512,0.06857834527522233,-373.33538616414705,0.3800004413002318,-1.2965242502409637,0.9388483667921111,203.83150604116858,0.2603768544750665
55,55,-1018.4780228643382,0.033439913664203576,-402.40581911742606,0.3562631480011308,-32.310185303588064,0.9095072150489366,187.09494214000995,0.23797464551064035
56,56,-667.1440157465656,0.08961372074467483,-419.0701842938299,0.4390031939016919,-90.95794906827503,0.9381397200377407,181.18333951018658,0.2644030752027836
57,57,-857.8427190829742,0.07104661170897097,-431.12828401593816,0.38575106258295366,-56.10926667854583,0.8874359882608922,181.2051273971712,0.2279844715496306
58,58,-807.4853873490074,0.048637732471939324,-423.6287902716943,0.37986567455407444,-29.279651118176645,0.9521845688966046,181.8846024211668,0.2581568237435119
59,59,-700.0018513959479,0.08551471341100028,-415.05565926906417,0.4090718863885651,34.221045587774306,0.8991567093598544,175.57594085628864,0.25372777961677156
