gen,gen,fit_min,nov_min,fit_avg,nov_avg,fit_max,nov_max,fit_std,nov_std
0,0,-704.704797893351,2.5511702616255505,-518.9901298016446,3.527531524347271,-46.31212923558328,6.429143171803526,159.65198423546707,1.4915994814869697
1,1,-738.4199216537344,2.406449399650873,-463.1867486749825,3.441382629898412,-102.07873807233437,6.591512015637926,194.2883937854172,1.6345159190294252
2,2,-696.8995703807472,2.5989616445478347,-448.4187820682415,3.612556770090271,-117.97731075124068,6.481280028505196,201.89656511952882,1.455740566318635
3,3,-765.9626048382406,2.313339913215475,-445.52726370394674,3.2192389899740506,-97.23009795893881,6.7107850194219,189.80875517210288,1.4174957653803324
4,4,-798.8382832103193,1.5192682586736863,-466.86777858061333,2.4173167607738426,-76.82695101586816,7.6205951819094055,184.27096366140873,1.7380937014543296
5,5,-687.4491406612213,1.2484849543089862,-383.65770921708963,2.034401343036626,-57.829949166154826,7.796249644498654,199.5579678423939,1.7494479941452923
6,6,-704.3724995767217,1.5066769395160207,-424.36402802610957,2.404308024250203,-100.53840545896124,7.524672240347293,190.6588366600968,1.8594179589012705
7,7,-842.9129558117988,1.5692004030222078,-450.56700472494975,2.53251708904222,-74.33951571133308,7.454913935432725,184.35095831741154,1.9325843268436946
8,8,-682.8900225961092,2.259730854463041,-468.4358946142171,3.307794077193109,-88.27523688973804,6.760776315502187,149.45338722984704,1.6979886089643734
9,9,-682.8900225961092,1.7241554261982373,-419.3734104201343,2.735051201811423,-97.74250340023877,7.318359642146421,181.87148581815532,1.9428151930591349
10,10,-724.4784429266666,1.3939401031041232,-415.5840229881525,2.214005623508362,-64.2073675367762,7.655456848070655,192.7223032073695,1.6451615714709245
11,11,-682.8900225961092,2.26138764562639,-426.29352013698156,3.3395025709312307,-120.61636841996354,6.7752065567457205,192.02857796842488,1.7624616657487557
12,12,-682.8900225961092,2.484591923256769,-450.50234096136137,3.56921739033062,-51.826562928808464,6.564642914598451,221.130063659908,1.674433561654702
13,13,-692.254537411109,2.2260090617591977,-468.7371171837229,3.327436744436375,-61.177499327307316,6.810463271110166,173.91439934760078,1.7941483282426067
14,14,-767.7043429055293,2.1138682196887837,-463.00622363605726,3.0846049032997658,-80.43359488243675,6.9239261596323,179.99149153956603,1.6049658688767
15,15,-682.8900225961092,2.1064974273188626,-502.56687257665544,3.173741506486613,-150.45577196883917,6.934059558567304,143.0975811282681,1.7618401401828903
16,16,-749.6454357567394,2.072142420296609,-475.1000587894108,3.1173491094520243,-112.64208040358419,6.9445872975652945,179.25406768642995,1.8304541395005596
17,17,-692.1287247385079,2.0811650302319684,-459.02362583520244,3.148172323529298,33.80421640158408,6.9301075358611595,189.4076080841673,1.8940788061067935
18,18,-682.8900225961092,1.9278447705136643,-438.24835095032506,2.931659434191893,-49.81800588768746,7.106132846181531,187.6130396354891,1.7813876949673741
19,19,-767.2529073102816,1.7048404330290823,-447.7849932048542,2.6739393620381717,-47.08091330616983,7.310050055899167,187.17413632452957,1.8694889672303368
20,20,-718.7500719841282,2.324643968916683,-453.13744517910544,3.4263630914184424,-65.63013998063207,6.708236637850862,197.04060864681907,1.760982960138337
21,21,-682.8900225961092,2.068412730164276,-482.57162123665603,3.0469638493424256,-62.13219258581648,6.928766995475098,173.37360969466454,1.6913552789325617
22,22,-682.8900225961092,1.9298109004367163,-397.5420454952194,2.8028899791600304,-123.79788021969303,7.094228809002348,182.4804040100641,1.5453041193563204
23,23,-690.2078112903491,1.8979401991485332,-411.1336180038312,2.9472749025470737,-88.44083103226377,7.173808634170517,187.6572619017845,1.876031531456114
24,24,-682.8900225961092,1.564282696758528,-432.1380181410712,2.473318136383811,-38.82416827094888,7.50412016771794,173.47558081595903,1.7375910041343205
25,25,-697.6670896383315,2.482439975502128,-466.46689932207164,3.5416334752855065,-111.86106643566454,6.676709573745912,174.37969972516223,1.598526491632194
26,26,-682.8900225961092,2.0756227613198486,-405.59147024668937,3.089647215522438,-125.08534657374639,6.963884522143317,194.31416866235688,1.6825738373655863
27,27,-719.916575262067,1.6371595189234776,-390.333516210634,2.52442475496773,15.63351512111146,7.411780719142257,181.93067192256305,1.638282669412504
28,28,-694.1105951196879,2.742798924383675,-440.9395344891667,3.660500600262016,-10.117937730283908,6.252968285468392,206.46434173268824,1.3205286316629787
29,29,-718.3940448569937,1.4155142683798148,-401.6722777991282,2.269217183140686,-48.68834818002377,7.663426417845896,194.04557645265373,1.7364156901968129
30,30,-699.0764118335561,1.721564508453853,-443.2464595477224,2.627472662872936,-72.72958993645022,7.3086790184738835,166.21533422021292,1.6512637876005363
31,31,-736.6505385555973,2.347313927983166,-459.2864450981964,3.2957979139099827,-49.636479671334406,6.731006324793452,201.96789370369902,1.4255688537649833
32,32,-691.0906888768501,1.9512123836106192,-428.5961334081617,2.9678983494658704,-106.49025028427631,7.117796459462099,168.513804023721,1.7158174973422842
33,33,-682.8900225961092,1.353917328315522,-430.1163995526621,2.216352506202764,-55.93054597544849,7.747052482521758,176.24948979240796,1.7956032495756173
34,34,-738.3352869039833,2.0851989725083686,-456.7227977463739,3.1629927666138293,-4.751713872700814,6.97508953046775,206.48807031281504,1.8333652283590551
35,35,-682.8900225961092,1.5602295717476444,-428.7760025135236,2.4397666959019326,-107.17587554748172,7.5041283553961025,162.52237594382302,1.6682475413559195
36,36,-682.8900225961092,3.53463145736213,-480.7459887838128,4.2603309919079315,-59.99786708529391,5.494438929053686,195.10011364494738,0.8700315188025584
37,37,-743.8147964560627,1.6880876208805682,-399.3788760910731,2.55042691421606,-96.55117374068972,7.3930050600882335,185.69060016516505,1.5652931078894181
38,38,-714.4116741276766,2.334135658318491,-373.0959383438491,3.3286709173973987,-29.57641302592995,6.681460006785864,209.11847598425746,1.57308546604781
39,39,-777.3928927232206,1.6492391405397728,-368.5162070623716,2.5666763431297204,46.17502323972798,7.406913063396162,214.75381133877056,1.7711127488757634
40,40,-682.8900225961092,1.584607751451487,-353.12237297119634,2.522848945709125,-55.19457080572656,7.452501350172122,188.9424103718651,1.86208000484156
41,41,-682.8900225961092,2.2059269329502036,-345.6066545620692,3.2469298323048434,-26.833482973473124,6.817686223273014,220.45182087066678,1.6875536998926406
42,42,-682.8900225961092,1.6035013456560676,-380.7767975777044,2.618419287374824,-53.80072676584843,7.4609678806578845,206.93569122972,2.084545426567491
43,43,-788.3036620839727,2.451371822681481,-412.07619846979594,3.4384227070741304,-57.8659766701336,6.542172790900804,202.4745435874288,1.548876164049243
44,44,-720.0213940547652,2.043277388920155,-423.685788547227,3.032046768344216,-47.505008764493965,6.9730822009202935,205.43597398747895,1.7484511763401391
45,45,-729.1218567032532,2.5583855804705644,-460.3363218774749,3.562984861757015,-14.291947921200611,6.47024291428198,198.81230819472066,1.5041386494876479
46,46,-816.9977850998357,2.223682544943656,-465.9176952399204,3.204945084721236,7.061495285131731,6.807972189082615,197.96245530202694,1.5920733536153104
47,47,-697.7817394051966,2.2082120025656122,-451.8939485812554,3.1296668770206715,-128.900744924802,6.771956505392612,188.84353637907788,1.5125708813658931
48,48,-682.8900225961092,2.3661363342944433,-415.6014966574527,3.352242148697452,-12.6788228585718,6.631131139043887,196.86354837630867,1.5756496309972945
49,49,-746.2429817945808,1.4181131353657277,-394.45508562824125,2.2653682386493315,-75.526554078065,7.635443457768657,187.75071799882969,1.7804230481072598
50,50,-741.7681992580771,1.8275074442797141,-451.16202140829284,2.8288310161382824,-31.81168978420578,7.210017691401037,203.19631734031591,1.852786633468375
51,51,-720.0438071746568,1.822166433541297,-409.29134025397195,2.8691702967916233,-116.073389089674,7.220304551725297,183.25181028095585,1.9468995177703317
52,52,-684.2188203815617,1.3697781848938284,-425.2738910371107,2.236812308317274,-32.98792649092114,7.675345659833138,198.23251639106002,1.895889946116588
53,53,-713.1376176850443,2.009786752323348,-440.10582038818364,3.0075595441379193,-94.15813194863658,7.019398143520817,183.738891170637,1.7279525981500967
54,54,-682.8900225961092,1.6463105313721205,-400.6850156073613,2.515042011486128,-51.50507747035552,7.3712845320474685,176.4352169761163,1.611926539447282
55,55,-682.8900225961092,1.0393964092164922,-369.80457932768286,1.7185358466621583,-57.68371884577215,8.048024842324264,188.96139202984173,1.547116842391834
56,56,-690.645620652882,2.0456540274781703,-436.2370615849297,3.016226343671014,-27.334443604706816,6.957746948245239,181.32175946951764,1.6091839922515179
57,57,-703.2806139389295,1.514093682386691,-418.9627976213777,2.3805319860010767,-35.27554536460448,7.517089104425793,195.11605394998983,1.7875275129143537
58,58,-816.4408616682995,1.5727189921311995,-458.19614984487754,2.4504372400221555,-143.18794835413078,7.486107209932227,165.91031769804115,1.7981641634563412
59,59,-682.8900225961092,2.3238061168895054,-421.26005980332155,3.3718321798219364,-91.16353670694032,6.727817128833034,197.46083609246426,1.6713145967556977
