gen,gen,fit_min,nov_min,fit_avg,nov_avg,fit_max,nov_max,fit_std,nov_std
0,0,9.0,0.22496632619150758,18.133333333333333,0.3619589831064608,98.33333333333333,0.9374898437731982,26.733748957700136,0.274262402605883
1,1,9.0,0.22496632619150758,27.066666666666663,0.4989516400214139,98.33333333333333,0.9374898437731982,35.63356719598966,0.3360145158606496
2,2,9.333333333333334,0.39892844259903676,27.133333333333333,0.8726096104530121,98.33333333333333,0.9374898437731982,35.6,0.1593833327625653
3,3,9.333333333333334,0.9374898437731982,9.333333333333332,0.9374898437731982,9.333333333333334,0.9374898437731982,1.7763568394002505e-15,0.0
4,4,9.333333333333334,0.9374898437731982,9.333333333333332,0.9374898437731982,9.333333333333334,0.9374898437731982,1.7763568394002505e-15,0.0
5,5,9.333333333333334,0.6643496335136918,10.633333333333331,0.9101758227472475,22.333333333333332,0.9374898437731982,3.8999999999999995,0.08194206307785193
6,6,9.333333333333334,0.9374898437731982,9.333333333333332,0.9374898437731982,9.333333333333334,0.9374898437731982,1.7763568394002505e-15,0.0
7,7,9.333333333333334,0.9374898437731982,9.333333333333332,0.9374898437731982,9.333333333333334,0.9374898437731982,1.7763568394002505e-15,0.0
8,8,9.333333333333334,0.9374898437731982,9.333333333333332,0.9374898437731982,9.333333333333334,0.9374898437731982,1.7763568394002505e-15,0.0
9,9,9.333333333333334,0.9374898437731982,9.333333333333332,0.9374898437731982,9.333333333333334,0.9374898437731982,1.7763568394002505e-15,0.0
10,10,9.333333333333334,0.9374898437731982,9.333333333333332,0.9374898437731982,9.333333333333334,0.9374898437731982,1.7763568394002505e-15,0.0
11,11,9.333333333333334,0.9374898437731982,9.333333333333332,0.9374898437731982,9.333333333333334,0.9374898437731982,1.7763568394002505e-15,0.0
12,12,9.333333333333334,0.9374898437731982,9.333333333333332,0.9374898437731982,9.333333333333334,0.9374898437731982,1.7763568394002505e-15,0.0
13,13,9.0,0.36495035066043896,9.3,0.8802358944619222,9.333333333333334,0.9374898437731982,0.10000000000000019,0.17176184793382776
14,14,9.333333333333334,0.9374898437731982,9.333333333333332,0.9374898437731982,9.333333333333334,0.9374898437731982,1.7763568394002505e-15,0.0
15,15,9.333333333333334,0.9374898437731982,9.333333333333332,0.9374898437731982,9.333333333333334,0.9374898437731982,1.7763568394002505e-15,0.0
16,16,9.333333333333334,0.9374898437731982,9.333333333333332,0.9374898437731982,9.333333333333334,0.9374898437731982,1.7763568394002505e-15,0.0
17,17,9.333333333333334,0.9374898437731982,9.333333333333332,0.9374898437731982,9.333333333333334,0.9374898437731982,1.7763568394002505e-15,0.0
18,18,9.333333333333334,0.9374898437731982,9.333333333333332,0.9374898437731982,9.333333333333334,0.9374898437731982,1.7763568394002505e-15,0.0
19,19,9.333333333333334,0.9374898437731982,9.333333333333332,0.9374898437731982,9.333333333333334,0.9374898437731982,1.7763568394002505e-15,0.0
20,20,9.333333333333334,0.6794283943241589,9.333333333333332,0.9116836988282943,9.333333333333334,0.9374898437731982,1.7763568394002505e-15,0.0774184348347118
21,21,9.333333333333334,0.9374898437731982,9.333333333333332,0.9374898437731982,9.333333333333334,0.9374898437731982,1.7763568394002505e-15,0.0
22,22,9.333333333333334,0.9374898437731982,9.333333333333332,0.9374898437731982,9.333333333333334,0.9374898437731982,1.7763568394002505e-15,0.0
23,23,9.333333333333334,0.9374898437731982,9.333333333333332,0.9374898437731982,9.333333333333334,0.9374898437731982,1.7763568394002505e-15,0.0
24,24,9.333333333333334,0.9374898437731982,9.333333333333332,0.9374898437731982,9.333333333333334,0.9374898437731982,1.7763568394002505e-15,0.0
25,25,9.333333333333334,0.9374898437731982,9.333333333333332,0.9374898437731982,9.333333333333334,0.9374898437731982,1.7763568394002505e-15,0.0
