gen,gen,fit_min,nov_min,fit_avg,nov_avg,fit_max,nov_max,fit_std,nov_std
0,0,-694.0101021582221,0.21126158024027045,-429.9620482786832,0.28964814905897546,-67.55989145949644,0.48543012909037525,188.8320789238841,0.07681437415109633
1,1,-708.8938817149034,0.2166281432125659,-495.9920676894602,0.35632513705978125,-112.18133768790426,0.48543012909037525,203.33770402260032,0.08011094870300368
2,2,-708.8938817149034,0.26058176930444776,-477.6815920372922,0.41396246434975553,-112.18133768790426,0.48543012909037525,210.759324300278,0.05518082768339366
3,3,-694.0101021582221,0.3082391299510086,-483.23413907842644,0.4539124368334268,-112.18133768790426,0.48543012909037525,198.69496800451546,0.03584887477856622
4,4,-694.0101021582221,0.41215281180531393,-511.27285128699566,0.4750250220822228,-112.18133768790426,0.48543012909037525,180.73748212820374,0.016983139606735018
5,5,-685.2167057413566,0.47514928503770865,-577.356176787365,0.49285555467849296,-280.9698295805457,0.5550518164483328,146.51665039339426,0.022988948360419197
6,6,-694.1535469715768,0.47514928503770865,-610.9856237194131,0.5215763948142049,-280.9698295805457,0.653657955888102,88.07111852618027,0.05686082449258762
7,7,-694.1535469715768,0.48543012909037525,-584.8636794806432,0.5754908208861631,-454.17547428924064,0.653657955888102,88.82171230124757,0.0683386496055719
8,8,-694.1535469715768,0.34674379373857683,-586.9291338494348,0.6127761274549561,-454.17547428924064,0.653657955888102,88.85067557316094,0.06133818661630508
9,9,-694.1535469715768,0.2650651837324943,-611.108565242479,0.6380007732519449,-436.2905937318306,0.653657955888102,88.71288759209696,0.0506211208778035
10,10,-694.1535469715768,0.1660832580746154,-652.7255695410694,0.6432419968352113,-346.40400236580973,0.6944643621915939,70.90386789176911,0.059727345527362224
11,11,-694.1535469715768,0.08305105377930834,-679.5233818973824,0.6452061170835466,-346.40400236580973,0.6944643621915939,45.909009962246806,0.06789059706324944
12,12,-694.1535469715768,0.6474751338367455,-692.3967625284913,0.6534813038294918,-632.6660914635914,0.653657955888102,10.243725577242953,0.001030049655881396
13,13,-694.1535469715768,0.007601352659197497,-693.275154750034,0.6443402498126696,-632.6660914635914,0.653657955888102,7.296473788467781,0.07665786574203015
14,14,-707.5231263781521,0.26336724095909797,-694.3445409630991,0.648082374246259,-694.1535469715768,0.653657955888102,1.5865152476548094,0.046314259515780325
15,15,-694.1535469715768,0.06507532907786649,-684.11945049521,0.6396226834051212,-342.96017029874537,0.7510060457940096,58.508333861930446,0.09985869282035668
16,16,-694.1535469715768,0.5508443147437913,-669.2311168560992,0.6577519375806636,-342.96017029874537,0.7510060457940096,89.86735900305014,0.02599560380738406
17,17,-694.1535469715768,0.653657955888102,-618.1078364554542,0.6697427574684465,-342.96017029874537,0.7510060457940096,141.9708590330789,0.03525515728975303
18,18,-694.1535469715768,0.653657955888102,-537.1767144048861,0.6895491240360564,-342.96017029874537,0.7510060457940096,168.70649112589743,0.04594370255206501
19,19,-694.1535469715768,0.653657955888102,-444.6871877697424,0.7176484458755887,-342.96017029874537,0.7510060457940096,153.2241693318394,0.04496332979416157
20,20,-694.1535469715768,0.154008201705645,-374.6168927123368,0.7295936750640659,-342.96017029874537,0.7510060457940096,87.82586800314411,0.07616992426738327
21,21,-694.1535469715768,0.1434012779874862,-348.7847555723158,0.733861433217752,-342.96017029874537,0.7510060457940096,42.1150381993833,0.0928345620637111
22,22,-342.96017029874537,0.7510060457940096,-342.96017029874537,0.7510060457940094,-342.96017029874537,0.7510060457940096,0.0,2.220446049250313e-16
23,23,-342.96017029874537,0.07266589805803926,-342.96017029874537,0.7316248987158389,-342.96017029874537,0.7510060457940096,0.0,0.11301053627973423
24,24,-342.96017029874537,0.7510060457940096,-342.96017029874537,0.7510060457940094,-342.96017029874537,0.7510060457940096,0.0,2.220446049250313e-16
25,25,-643.8933073944659,0.044700737460457086,-360.1563495613579,0.7314488318708278,-342.96017029874537,0.761907456305105,69.85121037123461,0.11780345720213321
26,26,-643.8933073944659,0.06841788979184506,-371.1782918556329,0.7149927301826204,-211.69671961083182,0.761907456305105,92.22774587233579,0.15164573638778925
27,27,-683.5916335095785,0.24960746674556752,-416.6110511093505,0.7418067834519521,-342.96017029874537,0.761907456305105,130.1257734805085,0.07049312122144982
28,28,-643.8933073944659,0.40034283247282526,-473.5138734727939,0.7506686043941764,-342.96017029874537,0.761907456305105,148.13086109619292,0.04251418940303488
29,29,-643.8933073944659,0.7510060457940096,-540.7162318187901,0.7581698298441578,-342.96017029874537,0.761907456305105,142.8421930138348,0.00517450952519605
30,30,-643.8933073944659,0.7510060457940096,-626.6971281318531,0.7612845185616136,-342.96017029874537,0.761907456305105,69.85121037123464,0.002530385075909745
31,31,-643.8933073944659,0.480035312599809,-639.0873263416902,0.757880711395029,-307.47463370017965,0.761907456305105,39.921476897717255,0.03344865535991833
32,32,-643.8933073944659,0.761907456305105,-643.8933073944658,0.7619074563051047,-643.8933073944659,0.761907456305105,1.1368683772161603e-13,3.3306690738754696e-16
33,33,-643.8933073944659,0.026677305502697552,-643.8933073944658,0.7514041684364989,-643.8933073944659,0.761907456305105,1.1368683772161603e-13,0.08724686164845906
34,34,-643.8933073944659,0.761907456305105,-643.8933073944658,0.7619074563051047,-643.8933073944659,0.761907456305105,1.1368683772161603e-13,3.3306690738754696e-16
35,35,-643.8933073944659,0.030190521289750628,-643.8933073944658,0.7514543572334568,-643.8933073944659,0.761907456305105,1.1368683772161603e-13,0.08682996218999736
36,36,-643.8933073944659,0.761907456305105,-633.5531193976551,0.7624227887170363,-462.9400174502795,0.7709257735139066,42.00204219862273,0.0020932901528426576
37,37,-643.8933073944659,0.003955997399774708,-620.627884401642,0.7522390762475888,-462.9400174502795,0.7709257735139066,60.56958746317819,0.09013315184917614
38,38,-643.8933073944659,0.761907456305105,-599.9475084080206,0.7640976190558139,-462.9400174502795,0.7709257735139066,77.59448213156723,0.003867139711750997
39,39,-643.8933073944659,0.21130059483432745,-551.5229551297319,0.7362153088050785,-359.3553623455891,0.7709257735139066,92.66051288737667,0.12228437083581756
40,40,-668.5605674364157,0.35498851721752583,-504.65315886669276,0.7591923306135651,-462.9400174502795,0.7709257735139066,76.68508665064397,0.05825513644716842
41,41,-643.8933073944659,0.761907456305105,-465.5250644494823,0.7707969404109237,-462.9400174502795,0.7709257735139066,21.4730130903416,0.0010701681275713645
42,42,-462.9400174502795,0.7709257735139066,-462.9400174502796,0.7709257735139067,-462.9400174502795,0.7709257735139066,5.684341886080802e-14,1.1102230246251565e-16
43,43,-462.9400174502795,0.7709257735139066,-462.9400174502796,0.7709257735139067,-462.9400174502795,0.7709257735139066,5.684341886080802e-14,1.1102230246251565e-16
44,44,-462.9400174502795,0.0611363738245586,-462.9400174502796,0.760785924946916,-462.9400174502795,0.7709257735139066,5.684341886080802e-14,0.08422790807294046
45,45,-675.2083430612797,0.06250877908193297,-465.9724221018653,0.760812403222275,-462.9400174502795,0.7714068475316601,25.189044840885682,0.08406589688421692
46,46,-675.2083430612797,0.7709257735139066,-465.9724221018653,0.7709326459998745,-462.9400174502795,0.7714068475316601,25.189044840885686,5.708715593859263e-05
47,47,-675.2083430612797,0.725783792521941,-473.82116821941923,0.770301505529068,-462.9400174502795,0.7714068475316601,45.1156410890972,0.005360187907591134
48,48,-675.2083430612797,0.10223331883095191,-470.3114292765505,0.7415659730577336,-342.13386845624296,0.7714068475316601,45.66399205782356,0.13541814253450524
49,49,-675.2083430612797,0.42133414563263283,-504.0810543788733,0.7613533764215411,-300.29198881829205,0.7714068475316601,88.13875239382061,0.05642574942564805
50,50,-675.2083430612797,0.6357819186979261,-526.9789123037524,0.7672072230056659,-462.9400174502795,0.7714068475316601,96.17401927786852,0.022508782569133707
