gen,gen,fit_min,nov_min,fit_avg,nov_avg,fit_max,nov_max,fit_std,nov_std
0,0,-616.4130445537966,1.3127111482564493,-383.20244109976505,1.97783687216591,-125.80270575087894,7.462563835081921,144.0042264030211,1.1795751951926474
1,1,-637.1592169648029,1.2131001058407,-452.07485625275217,3.19208558475354,-139.95201757991026,7.462563835081921,115.98550801484683,1.7894098075841787
2,2,-557.8585682399953,0.9637769478496616,-471.92596434013916,4.429072235836738,-139.95201757991026,7.462563835081921,102.43400190702648,1.8711072441223229
3,3,-555.7931301359073,2.4197484424281344,-491.31951797617063,5.444322408177582,-125.80270575087894,7.462563835081921,70.58170874472744,1.5505235030804063
4,4,-555.7931301359073,2.8074393210616124,-520.2224223936878,6.310410924895538,-380.4193842217226,7.462563835081921,47.10930304020764,1.354999074736321
5,5,-555.7931301359073,4.036178727478379,-545.1193316117611,7.195643715675349,-380.4193842217226,7.462563835081921,35.46002218059772,0.6947661536607092
6,6,-614.2412324404407,6.411688240302484,-545.5590827290653,7.39821524554787,-138.6342476255074,7.462563835081921,55.0392625734904,0.2173712903588908
7,7,-614.2412324404407,1.635188142824264,-556.2872884469912,7.345808431660753,-543.8646198715804,7.462563835081921,7.254226262476806,0.7065656248103416
8,8,-555.7931301359073,1.471260474794547,-554.3552006030977,7.373053149550307,-455.1380628392439,7.462563835081921,11.944339770429842,0.7112382001083478
9,9,-555.7931301359073,7.462563835081921,-555.7931301359072,7.462563835081923,-555.7931301359073,7.462563835081921,1.1368683772161603e-13,1.7763568394002505e-15
10,10,-555.7931301359073,0.6452588553052439,-529.2048804908785,7.308522171320845,-125.80270575087894,8.141394615870253,100.7134197863815,1.1522116640023394
11,11,-555.7931301359073,3.32711270660527,-514.4112588487828,7.449586900738682,-107.69587517543319,8.141394615870253,122.48120622362677,0.5217356610395314
12,12,-555.7931301359073,7.294720384381529,-449.0908469540097,7.594027237825436,-107.69587517543319,8.141394615870253,184.46931143218933,0.23906159382617712
13,13,-555.7931301359073,4.732250222697313,-342.9965173821158,7.689130179109933,-125.80270575087894,8.141394615870253,208.09921529135764,0.5776524838385597
14,14,-555.7931301359073,1.3221513672396557,-260.96940646292785,7.636340118365293,-123.4921524431994,8.141394615870253,180.89632580390546,1.3481136143347252
15,15,-555.7931301359073,0.5934123599114539,-239.20458061497246,7.9405622955969175,-125.80270575087894,8.141394615870253,144.06613122189427,0.8896253345159141
16,16,-414.5773525240141,0.21189624628570103,-319.7082364343743,7.873256705476355,-125.80270575087894,8.141394615870253,135.61571553294277,1.3091721892495414
17,17,-414.5773525240141,0.22018868636646619,-385.6998878467007,8.016610379570258,-125.80270575087894,8.141394615870253,86.63239403194054,0.9393453245956835
18,18,-414.5773525240141,8.005779513954293,-398.07594413697785,8.133645181475053,-125.80270575087894,8.141394615870253,67.0290377334324,0.03147835132039648
19,19,-414.5773525240141,0.22125587750810746,-410.4020596438874,7.916849163489397,-122.30685091513841,8.141394615870253,34.68258747273319,1.309354393440491
20,20,-414.5773525240141,8.141394615870253,-414.5773525240142,8.14139461587025,-414.5773525240141,8.141394615870253,1.1368683772161603e-13,1.7763568394002505e-15
21,21,-414.5773525240141,8.141394615870253,-414.5773525240142,8.14139461587025,-414.5773525240141,8.141394615870253,1.1368683772161603e-13,1.7763568394002505e-15
22,22,-414.5773525240141,0.012642343319578654,-414.5773525240142,8.025269583405242,-414.5773525240141,8.141394615870253,1.1368683772161603e-13,0.9646069657559855
23,23,-414.5773525240141,8.141394615870253,-414.5773525240142,8.14139461587025,-414.5773525240141,8.141394615870253,1.1368683772161603e-13,1.7763568394002505e-15
24,24,-414.5773525240141,0.01096735094781321,-414.5773525240142,8.025245654942788,-414.5773525240141,8.141394615870253,1.1368683772161603e-13,0.9648057304932066
25,25,-414.5773525240141,0.01517820562412486,-411.61060265052345,7.912446845940992,-206.9048613796625,8.141394615870253,24.643675294447345,1.3351201750478583
26,26,-414.5773525240141,0.040655517006315034,-414.5773525240142,8.025669771600766,-414.5773525240141,8.141394615870253,1.1368683772161603e-13,0.9612827529413804
27,27,-414.5773525240141,0.20890488373630686,-410.3016970204664,8.028073333982624,-115.28146727566843,8.141394615870253,35.516262035387115,0.9413172643042349
28,28,-414.5773525240141,0.0484709110997774,-414.5773525240142,8.025781420087817,-414.5773525240141,8.141394615870253,1.1368683772161603e-13,0.9603553309545971
29,29,-414.5773525240141,8.141394615870253,-414.5773525240142,8.14139461587025,-414.5773525240141,8.141394615870253,1.1368683772161603e-13,1.7763568394002505e-15
30,30,-414.5773525240141,8.141394615870253,-414.5773525240142,8.14139461587025,-414.5773525240141,8.141394615870253,1.1368683772161603e-13,1.7763568394002505e-15
31,31,-414.5773525240141,0.021289172785410315,-414.5773525240142,7.793390096880902,-414.5773525240141,8.141394615870253,1.1368683772161603e-13,1.6446051938463948
32,32,-414.5773525240141,8.141394615870253,-414.5773525240142,8.14139461587025,-414.5773525240141,8.141394615870253,1.1368683772161603e-13,1.7763568394002505e-15
33,33,-414.5773525240141,0.21174009854307801,-414.5773525240142,8.028113837051292,-414.5773525240141,8.141394615870253,1.1368683772161603e-13,0.9409808205475143
34,34,-414.5773525240141,8.141394615870253,-414.5773525240142,8.14139461587025,-414.5773525240141,8.141394615870253,1.1368683772161603e-13,1.7763568394002505e-15
35,35,-490.6938661765007,0.2950785601753213,-415.6647312904783,8.029304386503181,-414.5773525240141,8.141394615870253,9.032446409541068,0.9310913740604677
36,36,-414.5773525240141,8.141394615870253,-414.5773525240142,8.14139461587025,-414.5773525240141,8.141394615870253,1.1368683772161603e-13,1.7763568394002505e-15
37,37,-414.5773525240141,8.141394615870253,-414.5773525240142,8.14139461587025,-414.5773525240141,8.141394615870253,1.1368683772161603e-13,1.7763568394002505e-15
38,38,-414.5773525240141,8.141394615870253,-414.5773525240142,8.14139461587025,-414.5773525240141,8.141394615870253,1.1368683772161603e-13,1.7763568394002505e-15
39,39,-414.5773525240141,0.02366944208601509,-410.45200042725514,7.912086860291009,-125.80270575087894,8.141394615870253,34.26774816987804,1.337172829336449
40,40,-414.5773525240141,8.141394615870253,-414.5773525240142,8.14139461587025,-414.5773525240141,8.141394615870253,1.1368683772161603e-13,1.7763568394002505e-15
41,41,-414.5773525240141,0.011079417311501949,-414.5773525240142,7.909099895911431,-414.5773525240141,8.141394615870253,1.1368683772161603e-13,1.3544993375064478
42,42,-414.5773525240141,0.02148600955867871,-414.5773525240142,7.909397227118492,-414.5773525240141,8.141394615870253,1.1368683772161603e-13,1.3527656135412323
43,43,-414.5773525240141,0.02148600955867871,-414.5773525240142,8.025395921494372,-414.5773525240141,8.141394615870253,1.1368683772161603e-13,0.963557522770023
44,44,-414.5773525240141,0.011069248645379783,-414.5773525240142,7.909099605378112,-414.5773525240141,8.141394615870253,1.1368683772161603e-13,1.3545010315922485
45,45,-414.5773525240141,0.3286864677575129,-410.60097087937925,7.696914772056503,-136.2306373995689,8.141394615870253,33.030306657393936,1.8055415483091783
46,46,-414.5773525240141,0.021072932665061262,-410.6782125244745,7.6845116880193265,-141.63755255623587,8.141394615870253,32.38868936503476,1.8561330396951674
47,47,-473.9094243337936,0.11760632223681183,-415.4249535498682,7.938851775690231,-414.5773525240141,8.141394615870253,7.040702907592619,1.1915406206447459
48,48,-414.5773525240141,8.141394615870253,-414.5773525240142,8.14139461587025,-414.5773525240141,8.141394615870253,1.1368683772161603e-13,1.7763568394002505e-15
49,49,-414.5773525240141,8.141394615870253,-414.5773525240142,8.14139461587025,-414.5773525240141,8.141394615870253,1.1368683772161603e-13,1.7763568394002505e-15
50,50,-414.5773525240141,0.04824939048855238,-414.5773525240142,7.91016189514506,-414.5773525240141,8.141394615870253,1.1368683772161603e-13,1.3483068710627892
51,51,-414.5773525240141,0.007695014434933236,-414.5773525240142,8.025198907278318,-414.5773525240141,8.141394615870253,1.1368683772161603e-13,0.9651940457584268
52,52,-414.5773525240141,0.02359922823832183,-414.5773525240142,7.677520593719856,-414.5773525240141,8.141394615870253,1.1368683772161603e-13,1.8842651854313848
53,53,-414.5773525240141,0.02655797250144165,-414.5773525240142,7.909542140345429,-414.5773525240141,8.141394615870253,1.1368683772161603e-13,1.3519206314860415
54,54,-414.5773525240141,8.141394615870253,-414.5773525240142,8.14139461587025,-414.5773525240141,8.141394615870253,1.1368683772161603e-13,1.7763568394002505e-15
55,55,-490.58917601231445,0.20041614354946263,-415.6632357167042,7.9181027837438105,-414.5773525240141,8.141394615870253,9.020023240740462,1.302177462138123
56,56,-490.58917601231445,0.30179234820595746,-415.6632357167042,7.919551015238904,-414.5773525240141,8.141394615870253,9.020023240740462,1.2936216092873845
57,57,-414.5773525240141,8.141394615870253,-414.5773525240142,8.14139461587025,-414.5773525240141,8.141394615870253,1.1368683772161603e-13,1.7763568394002505e-15
58,58,-414.5773525240141,8.141394615870253,-414.5773525240142,8.14139461587025,-414.5773525240141,8.141394615870253,1.1368683772161603e-13,1.7763568394002505e-15
59,59,-483.71885383419925,0.4071267211728,-415.56508825701684,8.030905074517431,-414.5773525240141,8.141394615870253,8.204749210016649,0.917795060804214
60,60,-414.5773525240141,8.141394615870253,-414.5773525240142,8.14139461587025,-414.5773525240141,8.141394615870253,1.1368683772161603e-13,1.7763568394002505e-15
61,61,-414.5773525240141,0.017791636051647405,-414.5773525240142,7.793240202449455,-414.5773525240141,8.141394615870253,1.1368683772161603e-13,1.6453135672928152
62,62,-414.5773525240141,0.06334171388832878,-414.5773525240142,8.025993860127652,-414.5773525240141,8.141394615870253,1.1368683772161603e-13,0.9585906714502521
63,63,-414.5773525240141,0.0,-414.5773525240142,7.908783341131102,-414.5773525240141,8.141394615870253,1.1368683772161603e-13,1.3563451532026274
64,64,-414.5773525240141,0.0021190611615639426,-414.5773525240142,7.79256852066845,-414.5773525240141,8.141394615870253,1.1368683772161603e-13,1.6484878115493506
65,65,-414.5773525240141,0.027447557492415158,-414.5773525240142,7.909567557059456,-414.5773525240141,8.141394615870253,1.1368683772161603e-13,1.3517724278492198
66,66,-414.5773525240141,0.02599514539407172,-414.5773525240142,8.025460337720592,-414.5773525240141,8.141394615870253,1.1368683772161603e-13,0.9630224414081452
67,67,-414.5773525240141,0.024501026641005227,-414.5773525240142,7.793527747760426,-414.5773525240141,8.141394615870253,1.1368683772161603e-13,1.643954681168966
68,68,-414.5773525240141,0.45119577931756305,-414.5773525240142,7.921674649111604,-414.5773525240141,8.141394615870253,1.1368683772161603e-13,1.281176556506687
69,69,-414.5773525240141,8.141394615870253,-414.5773525240142,8.14139461587025,-414.5773525240141,8.141394615870253,1.1368683772161603e-13,1.7763568394002505e-15
70,70,-414.5773525240141,8.141394615870253,-414.5773525240142,8.14139461587025,-414.5773525240141,8.141394615870253,1.1368683772161603e-13,1.7763568394002505e-15
71,71,-414.5773525240141,0.0,-414.5773525240142,7.908783341131102,-414.5773525240141,8.141394615870253,1.1368683772161603e-13,1.3563451532026274
72,72,-414.5773525240141,0.029442537956736934,-414.5773525240142,8.025509586185771,-414.5773525240141,8.141394615870253,1.1368683772161603e-13,0.9626133529320613
73,73,-414.5773525240141,0.185307666319048,-414.5773525240142,8.027736230876664,-414.5773525240141,8.141394615870253,1.1368683772161603e-13,0.9441174530084729
74,74,-414.5773525240141,8.141394615870253,-414.5773525240142,8.14139461587025,-414.5773525240141,8.141394615870253,1.1368683772161603e-13,1.7763568394002505e-15
75,75,-414.5773525240141,0.012343591679405732,-414.5773525240142,7.909136015179084,-414.5773525240141,8.141394615870253,1.1368683772161603e-13,1.354288727794279
76,76,-562.7500568633957,0.29978623249434827,-416.69410544314826,8.02937163896488,-414.5773525240141,8.141394615870253,17.58307030998016,0.9305327331572673
77,77,-414.5773525240141,8.141394615870253,-414.5773525240142,8.14139461587025,-414.5773525240141,8.141394615870253,1.1368683772161603e-13,1.7763568394002505e-15
78,78,-414.5773525240141,0.024125509584683836,-414.5773525240142,7.90947264140495,-414.5773525240141,8.141394615870253,1.1368683772161603e-13,1.3523258764647157
79,79,-414.5773525240141,0.01066091871445911,-413.1747076645258,7.913809202810777,-316.3922123598286,8.141394615870253,11.651243261025417,1.3273335111250697
80,80,-414.8797812713751,0.05242256366223756,-414.58167293469074,7.912765566671843,-414.5773525240141,8.141394615870253,0.03588802642373699,1.3332060110118005
