gen,gen,fit_min,nov_min,fit_avg,nov_avg,fit_max,nov_max,fit_std,nov_std
0,0,-616.4130445537966,0.00016544085743479291,-383.20244109976505,0.43862843833520465,-125.80270575087894,0.9001476632857817,144.0042264030211,0.25749531552004584
1,1,-480.4946556978112,0.25067516777359694,-239.88063781302824,0.6848131217501467,-70.10566570807536,0.989668358262165,126.12243632248632,0.22736038707342382
2,2,-526.985296262072,0.1907205207576197,-156.7119291794764,0.7364818031968368,-17.272838995730982,1.1092972368674414,84.6011762457499,0.15130602271686802
3,3,-325.7336483487116,0.3476346146975292,-120.82232010296268,0.6894607166176393,-17.272838995730982,0.8949523254157405,48.77563891596776,0.08667448790302765
4,4,-420.37551285456794,0.3666932356281767,-99.89679058628307,0.6749370977814042,-17.272838995730982,1.0,60.55972820187999,0.1672173086029385
5,5,-390.0954100533768,0.07086918787501716,-72.2461063114744,0.7147108241000945,-17.272838995730982,0.8372892027556055,59.200965889993114,0.12512920149179632
6,6,-250.21246035711906,0.6302527759895956,-37.858737287950554,0.8902529330168315,-17.272838995730982,0.9288223981486027,37.528153035656246,0.06263424781241626
7,7,-70.10566570807536,0.7892986476223954,-54.25581769437205,0.8114755111724588,-17.272838995730982,0.8209798812653428,24.211042758780305,0.014518165127838796
8,8,-172.59367093905402,-1.4952896595904768,-40.514094214666315,0.5335737740550164,47.30850614548293,1.6726017728372276,36.617407876847665,0.6038122858525498
9,9,-387.25212387399466,-0.28708653889811997,-77.4956742731083,0.6841810520454198,47.30850614548293,1.5724580763281835,115.28874532217561,0.2640035120997253
10,10,-542.0735424693706,0.2150698573680776,-17.1066992200855,0.6502419579658801,47.30850614548293,0.7461262063623605,77.33436910965413,0.08931132199879575
11,11,-70.10566570807536,0.5970258906850195,20.029522725372146,0.7031507515956698,47.30850614548293,0.7356049337948213,32.332715865977484,0.037712309214960486
12,12,-17.272838995730982,0.5015004709404156,41.045059224358,0.7951434252144131,95.56678536130106,1.0652005465860424,22.365813531020464,0.10852414241489627
13,13,-13.613311088024956,0.06491423683634005,46.94918837443721,0.4424296901223954,95.56678536130106,0.7305100852908342,17.023847763810444,0.10786420345995076
14,14,27.890266258904216,0.3953913424671842,53.25032174970585,0.45919235576706674,95.56678536130106,0.715998135012573,17.421508062994857,0.11622161312339115
15,15,27.890266258904216,0.1959304807910123,59.85398277567282,0.36594644816837657,95.56678536130106,0.703237989113525,22.689111336595694,0.2181351555461052
16,16,-38.95131635934782,-0.5913385048633251,72.53781513247458,0.5075320217047141,101.11105949328272,0.7462733203675417,29.27192002216614,0.24928216917857773
17,17,27.890266258904216,0.4666300170767722,86.62818923064474,0.6477970173522832,101.11105949328272,0.68574705736438,21.86440716252854,0.05271812682870966
18,18,39.04041398303921,0.374377803315616,98.68437807872283,0.6307626712208664,109.45741606594049,0.7204266964091742,7.800398941291793,0.04078335294885951
19,19,95.56678536130106,0.5176843352897696,102.6444346088502,0.5786239157235942,109.45741606594049,0.6383535599957078,3.273209758685559,0.029677606805880014
20,20,-110.85027181149475,-7.698542002106095,102.27442074526402,0.4923237793217075,111.05436339253617,1.0003085839945718,25.951176610542422,1.0022080207765764
21,21,-151.6156820740949,0.6027015880670252,83.84493350608898,0.6993967038303849,111.05436339253617,1.0582760087345442,68.93724341424473,0.06915197199045955
22,22,-396.1247028916195,0.19445502131843007,81.70275146245109,0.6782015155600749,111.05436339253617,1.926369438174555,105.70087290083057,0.269418443491614
23,23,101.11105949328272,0.5780803176411048,110.72454013795247,0.5911564586292658,123.94414130471927,0.6018625168707564,3.8196954823287266,0.003580814761946717
24,24,-502.64036236591295,0.5955805048402842,75.03065896800415,2.2861381383682366,111.05436339253617,34.826475689652185,140.54835712178067,7.127727892651665
25,25,-384.8125482971977,0.36547653727900337,103.66563578829216,0.5601648164810532,111.05436339253617,0.563205608644132,58.81296558301779,0.02344666386321331
26,26,108.00521759148644,0.550526345122243,110.96724494107762,0.5526805302162462,111.05436339253617,0.552743888601364,0.5079834996083009,0.0003694396957566517
27,27,108.00521759148644,0.4575235017249142,111.01080416680689,0.5412628840386547,111.05436339253617,0.5424764982750858,0.361830103893088,0.010081036976715037
28,28,-513.5790998025607,0.5323998279301336,76.9208586456625,3.7793092316326513,111.05436339253617,71.31524227420005,138.80441441283497,13.604745811285857
29,29,-495.03381265755826,0.5225103348833017,11.788401183113033,0.5265537053482106,111.05436339253617,0.614912193973151,218.3303421018019,0.018698230842348246
30,30,-510.5561196607762,0.29639835180040963,62.79225202835121,0.5193993162338538,111.05436339253617,0.6744175904628803,161.36181001927338,0.04617670848623208
31,31,111.05436339253617,0.5032790377610333,111.05436339253619,0.5032790377610332,111.05436339253617,0.5032790377610333,1.4210854715202004e-14,1.1102230246251565e-16
32,32,-526.985296262072,0.0,31.334260521253768,0.0,111.05436339253617,0.0,189.65593194148474,0.0
33,33,-738.1473657373011,0.40376750397892125,16.236409150183764,0.5008258832334448,111.05436339253617,0.7112367449008248,218.1441691257018,0.048160158856380496
34,34,-551.4032567436075,0.4757510738393976,-60.0495834359328,0.49232143379808346,111.05436339253617,0.5918833825936336,271.95904115030504,0.03647209256482029
35,35,-551.4032567436075,0.4102913459734623,-86.16878440458066,0.4850113281362853,111.05436339253617,0.5330861509114995,301.5168945588548,0.031134561888253285
36,36,-551.4032567436075,0.45824077854679435,-258.0291678261724,0.5047724824517948,111.05436339253617,0.5417592214532057,329.05857336607767,0.041485611814521685
37,37,-551.4032567436075,0.44972881299858586,-451.8838668131521,0.535635962048901,111.05436339253617,0.5502711870014141,233.36138965666376,0.03514398974416699
38,38,-551.4032567436075,0.0,-312.7474425619668,0.39316495013700914,111.05436339253617,0.8573095769477936,264.5337494240467,0.375864179410347
39,39,-551.4032567436075,0.2522363848814995,-414.00566611957794,0.5070440031508767,111.05436339253617,0.5668237178315507,233.36215902124664,0.09817586579292527
40,40,-551.4032567436075,0.20508582750219265,-211.78036770811346,0.662122257229015,111.05436339253617,0.837300614848475,270.6945478168197,0.22198641297032873
41,41,-551.4032567436075,0.06379481135280851,-255.9474113612042,0.47620291902538553,111.05436339253617,0.58276702312629,311.9434885532007,0.1248305454044984
42,42,-551.4032567436075,0.4496897018398075,-384.50124908993905,0.5544019718707722,111.05436339253617,0.5905172559536438,285.0578174380091,0.061389299987605714
43,43,-562.392821995148,0.0,-172.28945815573226,0.5361262458617827,111.05436339253617,0.853739983758312,305.2442471846914,0.3317746621865734
44,44,-558.0893823063813,0.07238828706066627,-307.48296141607943,0.5083958963995456,111.05436339253617,0.6120246623327587,301.0090177140325,0.12949800816560325
45,45,-551.4032567436075,0.554586002664758,-173.03685293866175,0.6497947657460756,111.05436339253617,0.8138722327359434,256.8238595953001,0.07797137547941312
46,46,-551.4032567436075,0.18001045195200222,-112.48221881635548,0.42946482774193445,111.05436339253617,0.620105051447051,290.93173697736563,0.12607746547496793
47,47,-551.4032567436075,0.37283828126053575,-258.02916782617245,0.5145327678559388,111.05436339253617,0.6271617187394642,329.05857336607767,0.12632854535385107
48,48,-551.4032567436075,0.3659126937665393,-504.4931338279689,0.6126693169143701,111.05436339253617,0.6340873062334607,162.06850375200804,0.0705132139951576
49,49,-551.4032567436075,0.0,-436.8701831879871,0.2632725683940754,111.05436339253617,0.889281679266848,211.25781343173338,0.36649373981082156
50,50,-551.4032567436075,0.25429757680979115,-356.6267921969593,0.5485134588054441,111.05436339253617,0.8051159766343431,194.21871599663947,0.21076148741576917
51,51,-561.6942163281275,0.13229177597449668,-415.432861909945,0.5027197216630303,111.05436339253617,0.6541017131066049,210.5323213812837,0.20474312279257392
52,52,-551.4032567436075,0.36093977493224483,-300.9476652642731,0.6355455092371837,111.05436339253617,0.8760626380191776,212.43093275446003,0.1901092160415849
53,53,-551.4032567436075,0.07703350216180258,-425.4078362767577,0.5584826231070751,111.05436339253617,0.6681644553720646,231.72080037927202,0.1816897699011699
54,54,-551.4032567436075,0.11611660500475375,-208.7601470655195,0.6406956289311712,111.05436339253617,0.870811010855792,257.9084737820334,0.2549461847848534
55,55,-583.9358284290507,0.15398937467903692,-265.1438930258105,0.4372275512054426,111.05436339253617,0.680377855813024,286.47537680016234,0.19610396597634336
56,56,-583.9358284290507,0.26302436459078476,-399.43328198312724,0.5573504452114995,111.05436339253617,0.7009985712177287,245.6845158502959,0.1859154061970641
57,57,-551.4032567436075,0.26530692883488294,-266.50529061265735,0.66363080906169,111.05436339253617,0.8835938676178705,224.84832233271516,0.23127003392057854
58,58,-551.4032567436075,0.1527249536867335,-239.36929402719986,0.4240186969380504,111.05436339253617,0.6978602983420781,261.27084731745026,0.21387750722727597
59,59,-554.3809800441363,0.1760950350167544,-414.1197685467948,0.5887384684338659,111.05436339253617,0.7045442875700462,243.86674325549234,0.18818847198322297
60,60,-551.4032567436075,0.02068956228450347,-283.0806965492798,0.5034026850373944,111.05436339253617,0.8824376308100774,224.31077719759335,0.36424909701055896
61,61,-575.3755712572536,0.10356298499862487,-411.80502324524997,0.5616508301181292,111.05436339253617,0.7154187071037399,225.62183755992038,0.20891285891991618
62,62,-548.7552451962314,0.28557514645639187,-251.86477183982902,0.709930489620662,111.05436339253617,0.8902279092330525,206.95310166953448,0.21397620679054064
63,63,-548.7552451962314,0.148482788352164,-248.11978779130368,0.41675824721857635,111.05436339253617,0.7247928141973794,251.9534656115582,0.23966396525183417
64,64,-548.7552451962314,0.15205491620829056,-348.9089106888381,0.5276985859829899,111.05436339253617,0.7299048736077187,245.78512088039355,0.23219503165915023
65,65,-548.7552451962314,0.3723339158330172,-261.77214396042444,0.7317630059429632,111.05436339253617,0.9066948636977508,232.29948568768975,0.11698005089961246
66,66,-548.7552451962314,0.12761610128139167,-255.11761644717916,0.43675170927577067,111.05436339253617,0.7398458820053547,273.40432478407877,0.2501761533853545
67,67,-548.7552451962314,0.2101495255093248,-461.7998436998365,0.6425042481578149,-102.93809859361708,0.748264940957377,164.73599844843682,0.18780449377722924
68,68,-597.3552828709729,0.0,-319.1131796796857,0.6480206677884139,-102.93809859361708,0.9901758880067766,177.40922196332542,0.37920880527667267
69,69,-548.7552451962314,0.1380626623587395,-317.7184409397585,0.442118766400254,-77.55605296786423,0.8071921797811168,188.87249805041063,0.21298811577808982
70,70,-548.7552451962314,0.2797836598746343,-462.6610090933813,0.6153328268990629,-120.35348149997601,0.7884013819082524,157.60942879065084,0.14999274504829188
71,71,-548.7552451962314,0.12035002789832067,-337.8115862887166,0.5779029255933078,-119.35958120359344,1.0,180.28109364683314,0.38179151246481857
72,72,-548.7552451962314,0.29381895288206755,-436.23916857971875,0.6341174583365498,-54.936085916128235,0.7990618928616525,167.67263544644018,0.16630537172637164
73,73,-637.504624392886,0.006942939339712586,-277.4371514269372,0.586882355119715,-54.936085916128235,0.9869651398424104,170.42371499738735,0.3744932532998653
74,74,-561.4889390659233,0.15603216019442429,-380.3345034702315,0.5783360686644395,-54.936085916128235,0.8324933310001356,180.22577969450012,0.25187041741443816
75,75,-688.1023931314909,0.36933670839611354,-242.76055460132562,0.7608630320356099,-44.11048973649587,0.9877605048913487,186.22621353107658,0.1822212369904342
76,76,-561.4889390659233,0.18648133128313651,-349.90490503540207,0.6183963284150193,-44.11048973649587,0.8504084330866888,194.25481274150698,0.2872631374040614
77,77,-548.14262641707,0.5539311667001954,-206.1431511604952,0.8143951012914756,-44.11048973649587,0.984012643147563,168.2474828296248,0.15405650919410951
78,78,-489.1664747998827,0.18201296980903836,-263.8147745902272,0.48596403219455947,-44.11048973649587,0.8159044682045236,197.58195505221997,0.2860149618178905
79,79,-489.1664747998827,0.27353020188860283,-391.0795728045981,0.6674132601883773,-54.936085916128235,0.7953820128629205,169.18044861798901,0.21798381651504323
80,80,-580.7884447537364,0.06455109400190401,-297.2675391885578,0.5315014079275339,-54.936085916128235,0.9869997127713925,173.1437115598074,0.3996557007387242
