gen,gen,fit_min,nov_min,fit_avg,nov_avg,fit_max,nov_max,fit_std,nov_std
0,0,8.666666666666666,0.20488236460839818,46.7,0.33211407390603903,465.0,0.864073264961077,87.97644255392716,0.2413912488350089
1,1,8.666666666666666,0.24342100201454,74.12222222222223,0.3813936770065874,500.0,0.9441921807699344,119.90182661115449,0.23943949264795195
2,2,8.666666666666666,0.22246649034446123,75.5222222222222,0.35278432976746676,476.6666666666667,0.8702658047632613,112.47886001652616,0.23736817175152172
3,3,8.666666666666666,0.2942057509438985,56.222222222222214,0.43461817980882606,463.3333333333333,0.8121221984609192,101.98043869558124,0.20436485603770163
4,4,8.666666666666666,0.32835487945390385,48.56666666666667,0.4723726119038893,469.3333333333333,0.7979401099949395,92.23027341027095,0.19697193558638257
5,5,8.666666666666666,0.2822069950626326,81.26666666666668,0.4227950304609374,500.0,0.818361056078641,136.1445419262054,0.21235257136523025
6,6,8.666666666666666,0.3046158000665013,67.01111111111112,0.43628014202699306,500.0,0.8067994093587968,120.09809210972112,0.1931446776225065
7,7,8.666666666666666,0.18659897703490388,53.93333333333332,0.3051586878210585,500.0,0.8817378634956456,95.84421773938203,0.23870009920443921
8,8,8.666666666666666,0.26867011525820467,54.033333333333324,0.4087648483628181,500.0,0.9117457559318395,94.03893401730537,0.2272080347818345
9,9,8.666666666666666,0.3550201671424359,58.6,0.4819849400789075,500.0,0.725168159117859,111.74380088862664,0.15796801856041623
10,10,8.666666666666666,0.22293652737810649,49.81111111111111,0.36518052375352794,295.6666666666667,0.8714307178866696,74.72887702707968,0.24214188554838548
11,11,8.666666666666666,0.21996819181320046,40.955555555555556,0.3535916882369744,165.66666666666666,0.9152903071960109,40.58541366635476,0.24342236569075984
12,12,8.666666666666666,0.3801499426003538,43.599999999999994,0.5116311954066944,176.0,0.821747664604013,52.05277948248155,0.16082129162552136
13,13,8.666666666666666,0.31125565358063967,53.75555555555555,0.4532496656940203,392.3333333333333,0.8815657822306304,81.39582905563601,0.2026035289842598
14,14,8.666666666666666,0.32311783429421104,30.611111111111107,0.45199567913350713,166.33333333333334,0.7596235179333853,39.65528159053584,0.18436888185172798
15,15,8.666666666666666,0.34407098748578335,56.91111111111111,0.48357685080567364,296.6666666666667,0.7502106115572856,79.77537600841472,0.17110176620808915
16,16,8.666666666666666,0.3059308638383662,42.13333333333333,0.44173988791240215,154.33333333333334,0.7750924783406965,45.655846244443836,0.19796471468517154
17,17,8.666666666666666,0.35164356486006304,45.17777777777778,0.47903760227597275,500.0,0.771521262817035,88.9547422729081,0.16832312333913663
18,18,8.666666666666666,0.33326929137570144,73.7111111111111,0.47786580667117057,500.0,0.8600590695478914,110.81481828084763,0.18817892192051666
19,19,8.666666666666666,0.486968834003977,64.44444444444444,0.53038939229589,500.0,0.6309482895356325,124.46922372346101,0.040737712904675885
20,20,8.666666666666666,0.30132459775262904,72.26666666666665,0.43443360129726266,500.0,0.7925400861582913,134.39641198914336,0.19432452078091983
21,21,8.666666666666666,0.2961225995195372,30.844444444444445,0.43210917695092477,147.66666666666666,0.8034026453000992,37.98223106326443,0.20627951591690716
22,22,8.666666666666666,0.24432417901674738,66.42222222222223,0.3778061098512738,500.0,0.9377717855158757,119.87292448543732,0.22453984828590112
23,23,8.666666666666666,0.2948622781033111,27.566666666666663,0.4292717692468344,107.33333333333333,0.7928169239847909,29.95244997089986,0.20338123052666007
24,24,8.666666666666666,0.22308635994765727,57.41111111111111,0.3518048242789933,494.6666666666667,0.8507425836270116,108.05614738484027,0.22984769747287156
25,25,8.666666666666666,0.41615159235696175,54.05555555555556,0.5126541249763291,500.0,0.7028481753611125,100.4541201092,0.11016174759646358
26,26,8.666666666666666,0.2617298791292745,49.08888888888889,0.4032743888004347,419.3333333333333,0.9447000944729896,79.98814418322594,0.2379484371328626
27,27,8.666666666666666,0.29965952661657286,36.92222222222222,0.43457983497625635,199.33333333333334,0.7780808890812169,45.202809100953935,0.20171045954086153
28,28,8.666666666666666,0.33603604795654074,69.94444444444443,0.46881696086727515,491.0,0.7613809685246218,108.01450805617401,0.17923226578442658
29,29,8.666666666666666,0.2250385058071508,35.06666666666667,0.35725155608471343,193.33333333333334,0.8502092959694377,43.833895222423145,0.24121003173994707
30,30,8.666666666666666,0.32639507694508685,43.04444444444446,0.46758977231790866,185.0,0.7914683827773643,43.44436487631248,0.1920383762302488
31,31,9.0,0.321221404895018,49.933333333333344,0.4626127922287976,396.0,0.7900410738387741,72.29115001416406,0.19465510388874105
32,32,8.666666666666666,0.39496984339975455,36.0,0.5038072532154,140.0,0.7294884222983409,36.662423996966346,0.13062688719813473
33,33,8.666666666666666,0.27412053240856127,48.55555555555555,0.4104814074046679,193.0,0.8537960140640305,48.752992943896835,0.2207988580364959
34,34,8.666666666666666,0.27888787655191566,58.522222222222226,0.4189438209606008,391.0,0.8357686691802608,92.49078766271339,0.21945668003852745
35,35,9.0,0.29977432751542565,79.85555555555557,0.4316213257702908,500.0,0.7863966590872309,112.90729344723594,0.19280303438969107
36,36,8.666666666666666,0.25627625828426304,39.611111111111114,0.3894907353940545,243.33333333333334,0.7973673671325304,52.673071574912,0.22356458218787234
37,37,8.666666666666666,0.23761453268524155,41.455555555555556,0.37838367730181877,396.0,0.8358884144176902,74.00182597013116,0.23811505376779052
38,38,8.666666666666666,0.3269902168145918,39.67777777777778,0.4664911766595382,392.3333333333333,0.7829142861658125,75.15118014072175,0.19127393941401744
39,39,8.666666666666666,0.2504232941292384,76.28888888888888,0.38911121417736544,500.0,0.8583500559305205,119.70292651929589,0.23255270979621437
