gen,gen,fit_min,nov_min,fit_avg,nov_avg,fit_max,nov_max,fit_std,nov_std
0,0,8.666666666666666,0.4322306554541626,65.84444444444445,0.5523858066785353,500.0,0.765458294082983,109.92740814614157,0.12210960952984318
1,1,8.666666666666666,0.44590096722261185,45.722222222222214,0.5567748010655404,341.3333333333333,0.7046024768336692,69.79982401194694,0.11462154242385761
2,2,8.666666666666666,0.50903480838154,38.277777777777786,0.5833048948044532,200.33333333333334,0.6629961485876821,45.71628150956428,0.05628120680969322
3,3,8.666666666666666,0.46988584182101667,42.91111111111112,0.5645197850395455,182.66666666666666,0.7076766383990984,42.65424587726321,0.09445355286942499
4,4,8.666666666666666,0.5286052331732338,75.8,0.5878411606591878,500.0,0.7439242912056603,110.73674488021881,0.04662446697605193
5,5,8.666666666666666,0.5379294551489211,58.455555555555556,0.5833519795375782,500.0,0.6416354974007231,114.94724984493355,0.01871821209762575
6,6,8.666666666666666,0.40838169557593484,35.166666666666664,0.5400784558931128,216.0,0.7804071279048034,48.64563853161091,0.1660185242095402
7,7,8.666666666666666,0.3318906399037919,69.64444444444445,0.4687652418708902,500.0,0.8235521936163074,124.0151404536091,0.19928752120356077
8,8,8.666666666666666,0.4154851562522611,39.92222222222223,0.5343585752642276,187.33333333333334,0.7334438475617929,50.942500871686,0.13947427559349113
9,9,8.666666666666666,0.3751872035502898,56.86666666666667,0.5154347741599414,500.0,0.8670443339778633,97.19292002869192,0.18582569297275414
10,10,8.666666666666666,0.47262981304347773,77.38888888888889,0.5742930710129305,500.0,0.6929360715616358,121.91998236042127,0.08996064696265957
11,11,8.666666666666666,0.4442157984496572,46.611111111111114,0.5488258077859117,370.3333333333333,0.7331299754051958,71.18739398045412,0.11370274308687099
12,12,8.666666666666666,0.4121169681831979,64.71111111111112,0.5332907388494729,500.0,0.7283209707336475,98.77909260467251,0.13621379284791055
13,13,8.666666666666666,0.5147251339978113,94.81111111111109,0.5870575514879376,410.3333333333333,0.7544607083074869,110.80926834257721,0.048574811689523385
14,14,8.666666666666666,0.4998786993700826,86.17777777777778,0.5641573133571515,500.0,0.6209627803248058,144.9120993678922,0.04637374216477282
15,15,8.666666666666666,0.5208170815842921,92.98888888888887,0.5892196074860504,500.0,0.710986961219032,118.34696269971153,0.04065045595057682
16,16,8.666666666666666,0.4318981972126046,43.56666666666667,0.5505901521405746,398.6666666666667,0.774835563525904,73.42893515854986,0.13645431207056197
17,17,8.666666666666666,0.5366634211531923,65.71111111111112,0.5845044433976071,500.0,0.6258987177684593,100.26752117445176,0.028895300547623824
18,18,8.666666666666666,0.5592871445383074,39.844444444444456,0.6032336672250643,271.6666666666667,0.792597528712814,53.75002038472196,0.050040421168712705
19,19,8.666666666666666,0.41822872133218,72.83333333333331,0.5487399212744549,451.6666666666667,0.7384292772205766,98.08192909407326,0.14175749181412736
20,20,8.666666666666666,0.5233715507321687,52.9,0.5845776823965717,500.0,0.7433506763781478,93.13511292342572,0.054212457320901165
21,21,8.666666666666666,0.47078538785978874,51.76666666666667,0.5687917611682095,203.0,0.6823808348279046,51.5013951626915,0.0893628367868162
22,22,8.666666666666666,0.43050960095536583,60.277777777777786,0.5430342703980028,374.0,0.7395210245959906,91.24627169789147,0.12593940925853173
23,23,8.666666666666666,0.4960251338697719,40.055555555555564,0.5707038816940208,197.33333333333334,0.6706430773211767,46.84221610765809,0.07152124172296614
24,24,8.666666666666666,0.42391535679861864,52.63333333333334,0.5583241562151815,207.33333333333334,0.7688555189875598,56.020059238071475,0.14578381401195575
25,25,8.666666666666666,0.428843176040916,73.52222222222223,0.5444235476167566,500.0,0.7676268300724598,121.8557642623057,0.1330301763038617
26,26,8.666666666666666,0.4217943171174461,60.41111111111111,0.54222763812081,500.0,0.736733415572681,96.86327451938266,0.13426733639583016
27,27,8.666666666666666,0.4941708310360748,32.29999999999999,0.5666257904315325,163.0,0.6323142635199063,34.110533835144224,0.060028710113681244
28,28,8.666666666666666,0.44118242385326856,52.35555555555556,0.5458229286926447,464.6666666666667,0.6913117158879103,86.93019478542597,0.11095661520744447
29,29,8.666666666666666,0.529471687686671,56.50000000000001,0.5826860497873074,394.0,0.6193278672773845,86.9541279662465,0.0343034492659481
30,30,8.666666666666666,0.2700805553351806,63.488888888888894,0.41703075059410566,296.3333333333333,0.9236670684821272,75.33646666705668,0.23554312715234563
31,31,8.666666666666666,0.36831987275896866,50.844444444444456,0.4982333136794592,500.0,0.7849357944993199,97.32727276920565,0.17650489557983362
32,32,8.666666666666666,0.4249581228186289,97.22222222222221,0.5526538473395824,500.0,0.7455357902859224,143.43952999585608,0.1331107655039495
33,33,8.666666666666666,0.3426224984536408,35.63333333333333,0.4911205027716977,142.66666666666666,0.8785485338803416,36.79808267952135,0.2083488697782644
34,34,8.666666666666666,0.5213549915552407,67.14444444444446,0.5829799460560888,500.0,0.7791282393941192,111.50401697907182,0.04239396013162511
35,35,8.666666666666666,0.5314422848375965,55.12222222222222,0.5900286200978423,402.3333333333333,0.8284781972196316,96.59873027818753,0.06319117286208215
36,36,8.666666666666666,0.4419225825954516,67.17777777777779,0.5820974841797344,283.0,0.8178571084018962,62.97205337427738,0.13677337997366584
37,37,8.666666666666666,0.42765122774717135,51.766666666666666,0.5533834662801973,351.3333333333333,0.7508979758000248,73.30257688361151,0.13730969462629702
38,38,8.666666666666666,0.4712620751882027,31.155555555555555,0.566932008876823,171.0,0.7451171950288803,37.27761053116978,0.10698379135242547
39,39,8.666666666666666,0.46900517685369375,31.499999999999993,0.5777309475398323,177.0,0.717030841092432,41.8582042049018,0.10786841206775391
