gen,gen,fit_min,nov_min,fit_avg,nov_avg,fit_max,nov_max,fit_std,nov_std
0,0,8.666666666666666,0.25248724875208123,61.66666666666667,0.48844439211463037,385.0,0.6488817688113526,94.49710949919952,0.1359296019309282
1,1,8.666666666666666,0.22215413203388487,41.97777777777778,0.5161306030785334,119.66666666666667,0.7888966954943526,38.139989059150224,0.23787631337256326
2,2,8.666666666666666,0.20718490386598196,36.06666666666667,0.5923476809683875,178.0,0.8812171687343161,41.87869607790081,0.26219141592236767
3,3,8.666666666666666,0.07219461860902043,76.4888888888889,0.389284391328372,281.6666666666667,0.8759885088123681,80.60896620165009,0.28583475998391994
4,4,8.666666666666666,0.2003388356455709,87.35555555555555,0.5237116369887642,500.0,0.9428454064020242,125.83878379169451,0.2535378820995715
5,5,9.0,0.5505142250021373,63.55555555555555,0.6904721518616121,268.6666666666667,0.9391357259840173,76.77612154508832,0.09499114781758622
6,6,8.666666666666666,-0.14166563382004715,50.577777777777776,0.47449951980873734,215.33333333333334,0.9170917055892989,54.18192491647303,0.25199194343360143
7,7,8.666666666666666,0.21356326702067946,26.866666666666667,0.35412926474281164,86.0,0.6163809442098835,28.094760286493912,0.15846995161108393
8,8,8.666666666666666,0.0,19.22222222222222,0.3705802463072654,82.66666666666667,1.0426305216310976,20.120992047800584,0.40830443858873655
9,9,8.666666666666666,0.04159769194703641,42.599999999999994,0.4910125466524524,214.33333333333334,1.0120793648753545,51.44838477830277,0.3827316120789465
10,10,8.666666666666666,-0.18331229459500892,48.53333333333333,0.4380488693655438,137.66666666666666,0.8018836766584847,48.88653529688245,0.27099503905104216
11,11,8.666666666666666,0.2691690170885421,53.844444444444456,0.6890123584833882,500.0,1.0022456826651154,120.96444942499163,0.19562678075883658
12,12,8.666666666666666,0.08589215913686103,92.26666666666668,0.6291720761297162,403.0,0.9065604079508884,128.33193072826592,0.23750730642708276
13,13,8.666666666666666,0.10777413660202098,37.111111111111114,0.5600000377218695,139.66666666666666,0.9251162505631437,41.57343643823482,0.3180337059142531
14,14,8.666666666666666,0.29082242082957027,15.488888888888887,0.5200658391656273,69.66666666666667,0.805239289570338,15.28149045797837,0.12853018097813157
15,15,8.666666666666666,0.0,17.2,0.37323285211603835,49.0,0.7470170764129891,12.081084081844336,0.3332263341837121
16,16,8.666666666666666,-0.1530655249024483,23.64444444444445,0.4005746552564426,150.66666666666666,0.6288324757956799,35.75978843807388,0.2629917652832359
17,17,8.666666666666666,-1.410183153696752,81.24444444444445,0.042428952761093944,358.6666666666667,1.0029490048791596,114.21140026554829,0.6799588316403785
18,18,8.666666666666666,0.6425851121431795,49.533333333333324,0.7129441772420062,272.6666666666667,0.8737553546524349,67.48605342889306,0.0732453148899366
19,19,8.666666666666666,0.08647428666341393,31.2,0.535155495269017,108.33333333333333,0.9445973693403421,29.702924160824697,0.39569297321992297
20,20,8.666666666666666,-0.47195373208496694,77.46666666666667,0.40975031872021067,364.0,1.314089033984593,107.94839645078706,0.49056290911859185
21,21,8.666666666666666,0.05278936177574781,44.46666666666667,0.632839326526924,384.3333333333333,1.0054620052752485,93.71784287996643,0.30466956751821483
22,22,8.666666666666666,0.5577489942711712,46.11111111111111,0.7283257485684349,122.33333333333333,0.8271396708018652,39.61418875374433,0.07998136771851042
23,23,8.666666666666666,-0.22798906876452052,63.111111111111114,0.6242729715036883,394.3333333333333,0.9818341677775546,112.73164902261486,0.3518863064869519
24,24,8.666666666666666,0.5071123719151861,37.46666666666667,0.7199484971821717,113.66666666666667,1.3653035855678193,31.092407075969174,0.2636045275505616
25,25,8.666666666666666,0.0,42.37777777777777,0.2979623277931339,232.0,0.9175209031173426,64.84441398217243,0.4212468057183147
26,26,8.666666666666666,0.0,48.44444444444444,0.4837092337492161,189.0,0.961419539439825,55.14259853180213,0.4529216117938757
27,27,8.666666666666666,0.027674155441142028,41.222222222222214,0.8069661277341902,141.33333333333334,1.8885465080166812,44.3589177082457,0.4317603930929668
28,28,8.666666666666666,0.0008424530959809662,35.93333333333333,0.3825151436465574,146.0,0.6391169877777954,45.274667923194706,0.1774815922845037
29,29,9.0,-0.16564101733142855,69.73333333333332,0.5678721062126464,460.3333333333333,1.0001165979591349,114.34180078784577,0.34839988199300265
30,30,8.666666666666666,0.0,53.77777777777778,0.6621432913848238,265.3333333333333,1.0556208150561048,75.1439770304355,0.4031802347876982
31,31,8.666666666666666,0.30428905350535657,37.0,0.7297654581318409,135.33333333333334,1.0759841837857513,39.67814959843207,0.28833953979169946
32,32,9.0,0.03400307226688616,84.3777777777778,0.19164365665120914,267.6666666666667,0.3627252752444998,83.52013433601608,0.10420774192010875
33,33,8.666666666666666,-0.05405416480337251,45.68888888888888,0.44113822625739985,132.33333333333334,0.8570406876613543,49.63697347544942,0.3964351195151553
34,34,8.666666666666666,0.03513593614394093,47.488888888888894,0.8164898354627348,240.0,1.4053603921283977,66.89238086123076,0.31395392046447146
35,35,8.666666666666666,0.14745076918044375,50.93333333333332,0.6317389177625555,144.66666666666666,1.1147202685167739,50.97889178284879,0.38762357558048127
36,36,8.666666666666666,0.26168155899598416,19.37777777777778,0.5404006076770922,53.0,0.782074226044536,13.70042803692869,0.227192471806374
37,37,8.666666666666666,-0.814589787991208,40.06666666666667,0.620199885144824,181.33333333333334,1.5980208471962838,56.9761743577475,0.6118468505256703
38,38,8.666666666666666,0.0,42.20000000000001,0.6760871398857307,137.66666666666666,1.3110628909195094,46.09503869824379,0.4839068875943628
39,39,8.666666666666666,0.07735664788316297,38.35555555555556,0.6918720585384855,127.66666666666667,0.9912377662645495,43.812811700868984,0.3397498862537299
