gen,gen,fit_min,nov_min,fit_avg,nov_avg,fit_max,nov_max,fit_std,nov_std
0,0,8.666666666666666,0.0126155316469344,52.6,0.23743882873095432,350.3333333333333,0.7026593190123189,83.37227534556253,0.2828251992468318
1,1,8.666666666666666,0.14286852363055455,55.777777777777764,0.3618036372108945,391.6666666666667,0.6928262209748441,95.4877278651006,0.23856854522851959
2,2,8.666666666666666,0.09177817344545107,29.82222222222222,0.26152846277874897,72.33333333333333,0.7282534274201279,25.20871885227092,0.17654443263363184
3,3,8.666666666666666,0.07325715169722632,31.933333333333334,0.45874200300918067,173.33333333333334,1.4314652745758127,41.04508812585569,0.43166851311218624
4,4,8.666666666666666,-0.15187117753498297,18.355555555555554,0.3038842435622836,92.66666666666667,0.5572021663454084,23.141582476273587,0.16450463886187255
5,5,8.666666666666666,0.07311949088904239,37.62222222222222,0.3056987415444436,334.3333333333333,1.233699982068128,80.78731718087901,0.3924628996664179
6,6,8.666666666666666,-0.028796815937482734,34.733333333333334,0.4232459067767007,119.33333333333333,0.8246729677747646,36.007447789260155,0.3859692086924021
7,7,8.666666666666666,0.1786461893446951,93.71111111111112,0.4341549303231342,482.0,0.7336883339697047,152.5124823873463,0.19089806193622758
8,8,8.666666666666666,0.366122257507104,77.84444444444445,0.6366330537446044,340.0,0.8833391270884053,92.49967901178873,0.12045132389841992
9,9,8.666666666666666,0.3787203667705304,52.155555555555566,0.6291635353916266,406.0,0.9256509412235479,97.32358144957902,0.18933197174990885
10,10,8.666666666666666,0.20392062685602058,30.888888888888893,0.7177423977227787,227.0,0.8477379271902379,53.97621789978835,0.20382958788748864
11,11,8.666666666666666,0.10965608343124097,98.04444444444445,0.43778309419320927,500.0,0.8722206176466261,148.26567079335146,0.2765033677788965
12,12,8.666666666666666,0.178631533065844,70.46666666666667,0.41632300535668,500.0,0.8625629784398953,131.9391442210301,0.2700818530361913
13,13,10.0,-0.32000690434273016,82.15555555555555,0.3979520063917927,301.3333333333333,0.871901056214026,79.83685834636333,0.3501138088502238
14,14,8.666666666666666,0.4456735951596055,70.13333333333335,0.7047483168649993,324.6666666666667,0.9714789412015687,105.63899392287412,0.22389004590145345
15,15,8.666666666666666,0.11514130439418058,65.86666666666667,0.7360718572181515,373.0,0.9406312085752537,98.58966965642477,0.20236919579219262
16,16,8.666666666666666,-0.05477675398095132,65.4888888888889,0.33002872690703694,393.0,0.8507783429402916,116.1910856953395,0.30347898361012365
17,17,8.666666666666666,0.2703552509482651,89.6888888888889,0.509272071992881,500.0,0.9172687942103425,127.22773204953839,0.2766179915577487
18,18,8.666666666666666,0.19975947103479072,37.71111111111111,0.44392372171564093,209.66666666666666,0.9243916557681031,50.14377353860954,0.27172120641358793
19,19,8.666666666666666,-0.24554217287969063,122.88888888888889,0.15835389142852485,452.0,0.9121001673386179,154.98069971435353,0.29629247166822753
20,20,8.666666666666666,0.17690851892670698,78.84444444444445,0.6389361785008575,500.0,0.9499494865202778,125.772155351367,0.31450625581183006
21,21,8.666666666666666,0.3474402344297055,65.24444444444444,0.7586883640957802,393.6666666666667,0.9418080427194968,106.19196221704433,0.23063659291668584
22,22,8.666666666666666,-0.23423435813644797,99.37777777777778,0.4741130932159407,500.0,0.9470012228767117,165.98799004598547,0.41958439511851203
23,23,8.666666666666666,0.055316214203491525,112.95555555555558,0.7881337302386607,491.0,1.0431125203103826,174.65724599983508,0.25617298082598944
24,24,8.666666666666666,0.07227530677332646,57.95555555555555,0.25739319943394,355.6666666666667,0.9724358624581524,100.13619367616596,0.3427830163418179
25,25,8.666666666666666,-0.1302699769482576,89.82222222222222,0.29520635594834305,500.0,0.9617646849700836,152.7662880528034,0.4467333482471757
26,26,8.666666666666666,0.01434745395221998,62.066666666666656,0.5419672711354627,459.6666666666667,0.962454007410438,124.68913641829724,0.21579624486274965
27,27,8.666666666666666,-0.10932105567776468,78.97777777777779,0.2821150176833803,500.0,0.9166816867846368,126.24247490102452,0.3347881569797908
28,28,8.666666666666666,0.2100999723769126,71.35555555555557,0.48575859391526055,424.6666666666667,1.018448516376521,111.4933956965641,0.3115159128220182
29,29,8.666666666666666,-0.04130121523215213,101.53333333333333,0.39336323498795583,500.0,1.0125978920690062,150.21765936528632,0.3978538351637647
30,30,8.666666666666666,-0.08820649037911525,93.75555555555555,0.5961407683864088,487.6666666666667,0.9744063159958958,155.73774093204668,0.3024025032615094
31,31,8.666666666666666,0.300667923114637,73.8,0.6444987436667108,454.3333333333333,0.975828317486761,138.5873597998616,0.20074252163189454
32,32,8.666666666666666,-0.8124086405820429,99.15555555555555,0.4591112831376699,431.3333333333333,0.9785973134416965,144.36963190811267,0.5273139142283584
33,33,8.666666666666666,0.021534324018052286,60.17777777777778,0.7902512425193193,401.0,0.9796454395642741,107.72288636549607,0.2706824781692725
34,34,8.666666666666666,-0.00827726058120731,49.08888888888889,0.4303782424604244,337.6666666666667,0.9830083958102117,79.03346376732914,0.4323769126817752
35,35,8.666666666666666,0.01375955934492768,46.77777777777778,0.5802742168836229,293.3333333333333,0.9846131775464245,68.4825651417575,0.360596072428234
36,36,8.666666666666666,-0.871356085229695,45.11111111111111,0.5775370307253456,388.0,0.98436878771566,93.47954156583154,0.52847126156654
37,37,8.666666666666666,-0.014646502857076775,80.04444444444445,0.3203723054538245,420.3333333333333,0.9868627602865331,117.9654605235923,0.3643399955353285
38,38,8.666666666666666,0.009794304680978375,59.955555555555556,0.3404326256235079,424.0,0.9873822885695611,110.96411609943276,0.37176277370863775
39,39,8.666666666666666,-0.32813832248733876,87.91111111111111,0.3205410998182361,500.0,0.988948630143999,153.6157527930415,0.4201478983658219
