gen,gen,fit_min,nov_min,fit_avg,nov_avg,fit_max,nov_max,fit_std,nov_std
0,0,9.0,-0.021490696455259792,56.65,0.5731724821735114,500.0,0.8561778968680328,106.18482183857017,0.24067736296341002
1,1,9.0,0.2955896728384334,58.93333333333334,0.7111905730738768,219.0,0.9469533353736184,62.806722923939,0.16058541736374446
2,2,9.0,0.2735269749901806,31.65,0.573625832537555,117.0,0.8368142417369107,29.10908124814507,0.21779826429284305
3,3,9.0,0.07737344079272988,58.016666666666666,0.4163790203592271,460.0,0.8897288306933305,97.60723305393122,0.2522666579134194
4,4,9.0,0.058832412450586014,83.99999999999999,0.507743602598079,500.0,1.0787739061312087,115.7021079227936,0.2943753301874014
5,5,9.0,0.15601840967126873,46.766666666666666,0.3862209674870739,346.0,0.4845315155455748,82.90631258635658,0.11956905855467677
6,6,9.0,0.05885942828932118,53.516666666666666,0.4721585168082261,304.3333333333333,0.8690438101929432,75.6097050648923,0.2956243027193711
7,7,9.0,0.13453770694251949,41.43333333333334,0.41643447940934264,136.33333333333334,0.6144616920221235,41.36263746157609,0.19124575221918874
8,8,9.333333333333334,0.14349752789656434,82.35,0.5267770899099546,238.33333333333334,0.9818126116434159,70.63517183386759,0.29077614006100155
9,9,9.0,0.17971116612476307,59.8,0.40937105962012377,500.0,0.717409544257596,109.4395012984089,0.18678111236147854
10,10,9.0,0.13511417636166595,87.91666666666666,0.3627241262937061,500.0,0.5775242166121493,130.20811866648972,0.12695047721717007
11,11,9.0,0.207657563703007,86.03333333333333,0.3872381918648199,500.0,0.5686733048432018,126.38762685572597,0.1410359491916013
12,12,9.0,0.2663328014978143,57.34999999999999,0.43383209721301297,230.33333333333334,0.6720012836530189,58.43966261595516,0.10425338691458852
13,13,9.0,0.14571574093969286,37.35,0.38409607081041586,198.66666666666666,0.7584499347766875,46.50405896263249,0.18006564414069257
14,14,9.0,0.10354236428489419,28.116666666666667,0.24634245416023268,116.0,0.4415325185770242,31.07540560207273,0.09681165292393684
15,15,9.0,0.07517631073309108,34.93333333333334,0.37039362359488337,163.0,0.8120203082762774,40.42436009250967,0.2544464724577488
16,16,9.0,0.18592036506817436,46.56666666666667,0.4399101345392723,285.3333333333333,1.0912667911314409,66.75844515864641,0.22100272301637852
17,17,9.0,0.20159940215621422,92.03333333333333,0.4613466912956314,500.0,1.2344955107941218,122.82937126129258,0.2690525380168473
18,18,9.0,0.26475489522576584,66.6,0.32512734804738586,274.3333333333333,0.559793844677428,82.59389269861974,0.06463486348807286
19,19,9.0,0.15765033030730746,38.10000000000001,0.26140892645726443,319.6666666666667,0.753397001318179,70.49484614731301,0.16870096426623526
20,20,9.0,0.09745185379173647,89.93333333333332,0.3587715689794659,500.0,1.1600505848551383,141.093845837915,0.30451890463108466
21,21,9.0,0.1778810858090918,84.68333333333332,0.3321125430435809,500.0,0.6820972365995378,149.77191826240323,0.14626396670486821
22,22,9.0,0.21434948286475333,37.98333333333333,0.2868236112767386,122.66666666666667,0.4641335776626995,35.90968222886103,0.06165492219030873
23,23,9.0,0.1649840870189921,64.53333333333333,0.4956253776686362,280.3333333333333,2.0059673039906865,80.41616752867547,0.5303861108486829
24,24,9.0,0.10513131985869463,56.66666666666667,0.24902476894466016,500.0,1.2824665818111718,107.47635398852469,0.2568459395183267
25,25,9.0,0.13404571012952857,42.966666666666676,0.23022888852256912,155.33333333333334,0.4452828410493712,45.93907801522456,0.08747836458506203
26,26,9.0,0.15985431551042759,50.383333333333326,0.3578036476111322,268.3333333333333,1.2839181734700613,62.95053393119253,0.2845713238950798
27,27,9.0,0.113306600913076,37.43333333333333,0.2635668499451133,105.0,0.5000590336938733,33.3944606184918,0.11597279670586834
28,28,9.0,0.08414810871117359,60.38333333333334,0.5416281035851374,298.0,2.4777785581752454,63.87046570120567,0.5180358342577674
29,29,9.0,0.08975717526571943,83.83333333333334,0.3004449278341535,398.6666666666667,1.2231851080414002,110.9662861713713,0.285564457806316
30,30,9.0,0.15628771540937855,61.083333333333336,0.24940817003038612,406.3333333333333,0.8045174132486067,92.79618496707958,0.15197604351858396
31,31,9.0,0.05715406150705846,57.0,0.19757013072383606,355.0,0.724972365437647,76.80422442085388,0.16327251107159668
32,32,9.0,0.0689247225562833,58.31666666666668,0.23975182157839411,174.66666666666666,0.5815060875414835,46.670056424506996,0.11734060201293754
33,33,9.0,0.14708811976561548,70.21666666666665,0.40795871573191295,500.0,2.3148088897234023,112.83268217438895,0.4984984337270847
34,34,9.0,0.12623381622428057,48.25000000000001,0.19761175704849993,246.33333333333334,0.4131414387593155,54.90708059986435,0.06945581994135186
35,35,9.0,0.10686984351504794,56.96666666666666,0.280190727910003,207.33333333333334,0.8095168079296731,49.07170490437664,0.16834200451684667
36,36,9.0,0.03200775530326851,55.0,0.2674536299441007,328.3333333333333,1.3027947589941546,75.01296184290048,0.29193839187694065
37,37,9.0,0.09572426874845176,72.88333333333333,0.2719739853584581,457.6666666666667,1.2000703059178615,118.31686622512166,0.28366467553693786
38,38,9.333333333333334,0.11619438878767688,61.93333333333332,0.20170658954394546,440.3333333333333,0.827816755508356,107.1400226080079,0.17807908477091555
39,39,9.0,0.10762111126758603,41.916666666666664,0.17896642987962683,493.6666666666667,0.9660158756271682,105.56787574299717,0.18461095595889843
40,40,9.0,0.10849916207655716,25.416666666666664,0.13532531207894777,83.66666666666667,0.20961099833385122,23.147084049616268,0.02850768331472829
41,41,9.333333333333334,0.06264885416203012,85.25,0.9576748467480696,500.0,5.683039111276165,114.30465505248098,1.299941830396867
42,42,9.0,0.04885925888624364,42.21666666666666,0.12931147135236268,79.66666666666667,0.2116373814787636,26.672140063286182,0.05614741806471071
43,43,9.0,0.026647894259602706,62.4,0.7088300967206551,343.0,4.219744951739585,83.87329067640597,1.038596894052537
44,44,9.0,0.03897156223418963,62.75,0.2021622090562088,500.0,1.3666106807892386,107.52497771835776,0.2902281018173779
45,45,9.0,0.018422987252591682,100.41666666666666,0.2168441747793554,373.0,0.6820720815408878,97.89750167053975,0.16341809538411448
46,46,9.0,0.05459257147277574,61.73333333333333,0.19054334403616469,236.66666666666666,0.6362773881589276,62.564331336277824,0.14944496025519388
47,47,9.333333333333334,0.064467303926791,55.59999999999999,0.2512611432285336,500.0,1.9673506286808071,106.54590038518089,0.4110306000778939
48,48,9.0,0.026346174059382624,33.283333333333324,0.09823486401748154,135.0,0.30446908812024737,37.03425966438223,0.06405180044201199
49,49,9.0,0.03297032275271855,35.16666666666667,0.2366414575349189,100.66666666666667,0.7132766873361684,29.43986337528684,0.20955315390638837
