gen,gen,fit_min,nov_min,fit_avg,nov_avg,fit_max,nov_max,fit_std,nov_std
0,0,-694.0101021582221,2.2085997977256615,-429.9620482786832,3.2300544364746586,-67.55989145949644,6.830461617545657,188.8320789238841,1.6542089441038565
1,1,-694.0101021582221,2.234005941811146,-514.0016131708999,4.541622665052159,-137.78890641764212,6.830461617545657,188.33761305325277,1.7860477692427073
2,2,-682.8900225961092,2.6205453770061307,-601.8149993931771,5.7146749098507135,-142.33857508785314,6.830461617545657,147.7120691768725,1.4872234550929
3,3,-682.8900225961092,2.8052537300915135,-671.6071591422304,6.628945364335427,-430.88438352928785,7.470252007407726,44.40049226070702,0.7374317830506771
4,4,-682.8900225961092,6.399272011591119,-682.8900225961095,6.8942408274155875,-682.8900225961092,7.470252007407726,2.2737367544323206e-13,0.2377577994116266
5,5,-682.8900225961092,6.399272011591119,-682.8900225961095,6.997959157566012,-682.8900225961092,7.470252007407726,2.2737367544323206e-13,0.2927541088797813
6,6,-682.8900225961092,6.830461617545657,-682.8900225961095,7.159496675189008,-682.8900225961092,7.470252007407726,2.2737367544323206e-13,0.31976459880600405
7,7,-682.8900225961092,6.830461617545657,-682.8900225961095,7.387993242996889,-682.8900225961092,7.470252007407726,2.2737367544323206e-13,0.2141538293600751
8,8,-682.8900225961092,7.470252007407726,-682.8900225961095,7.470252007407724,-682.8900225961092,7.470252007407726,2.2737367544323206e-13,2.6645352591003757e-15
9,9,-682.8900225961092,7.470252007407726,-682.8900225961095,7.470252007407724,-682.8900225961092,7.470252007407726,2.2737367544323206e-13,2.6645352591003757e-15
10,10,-682.8900225961092,1.2764361390297376,-649.3523619008361,7.401059272057723,-181.91039401955777,7.6958235032645375,102.90579251794722,0.7395968691700936
11,11,-682.8900225961092,7.470252007407726,-631.1617595755611,7.500657734463375,-181.91039401955777,7.6958235032645375,121.77552648324016,0.07057535160112323
12,12,-682.8900225961092,7.470252007407726,-541.2808297683924,7.550837574389199,-181.91039401955777,7.6958235032645375,174.85849065774593,0.0963401676708323
13,13,-682.8900225961092,5.361573512258512,-445.10296467791824,7.571462638111529,-181.91039401955777,7.6958235032645375,184.4782893035357,0.2823093139760795
14,14,-682.8900225961092,5.361573512258512,-346.0077491690185,7.617141947508942,-181.91039401955777,7.6958235032645375,161.468797183323,0.2805954014061689
15,15,-364.5544819037962,7.664771132412144,-226.26681536287285,7.688282213200388,-181.91039401955777,7.6958235032645375,78.31951227933592,0.013315550305783358
16,16,-425.76084954923016,0.9082254975193454,-193.22157572216338,7.597527001574505,-181.91039401955777,7.6958235032645375,46.38097438968605,0.8053218103846779
17,17,-364.5544819037962,0.25388754952990594,-184.51959527504692,7.589066527199009,-181.91039401955777,7.6958235032645375,21.673653412001727,0.8830594653453238
18,18,-181.91039401955777,7.6958235032645375,-181.9103940195578,7.695823503264539,-181.91039401955777,7.6958235032645375,2.842170943040401e-14,1.7763568394002505e-15
19,19,-181.91039401955777,7.6958235032645375,-181.9103940195578,7.695823503264539,-181.91039401955777,7.6958235032645375,2.842170943040401e-14,1.7763568394002505e-15
20,20,-181.91039401955777,7.6958235032645375,-181.9103940195578,7.695823503264539,-181.91039401955777,7.6958235032645375,2.842170943040401e-14,1.7763568394002505e-15
21,21,-181.91039401955777,0.02145348950732092,-181.9103940195578,7.4765557885857605,-181.91039401955777,7.6958235032645375,2.842170943040401e-14,1.2785394963846168
22,22,-181.91039401955777,7.6958235032645375,-181.9103940195578,7.695823503264539,-181.91039401955777,7.6958235032645375,2.842170943040401e-14,1.7763568394002505e-15
23,23,-181.91039401955777,7.6958235032645375,-181.9103940195578,7.695823503264539,-181.91039401955777,7.6958235032645375,2.842170943040401e-14,1.7763568394002505e-15
24,24,-181.91039401955777,7.6958235032645375,-181.9103940195578,7.695823503264539,-181.91039401955777,7.6958235032645375,2.842170943040401e-14,1.7763568394002505e-15
25,25,-181.91039401955777,7.6958235032645375,-181.9103940195578,7.695823503264539,-181.91039401955777,7.6958235032645375,2.842170943040401e-14,1.7763568394002505e-15
26,26,-181.91039401955777,0.00978166360757064,-181.9103940195578,7.586022905555153,-181.91039401955777,7.6958235032645375,2.842170943040401e-14,0.9120722650954469
27,27,-181.91039401955777,7.6958235032645375,-181.9103940195578,7.695823503264539,-181.91039401955777,7.6958235032645375,2.842170943040401e-14,1.7763568394002505e-15
28,28,-181.91039401955777,7.6958235032645375,-181.9103940195578,7.695823503264539,-181.91039401955777,7.6958235032645375,2.842170943040401e-14,1.7763568394002505e-15
29,29,-181.91039401955777,7.6958235032645375,-181.9103940195578,7.695823503264539,-181.91039401955777,7.6958235032645375,2.842170943040401e-14,1.7763568394002505e-15
30,30,-181.91039401955777,7.6958235032645375,-181.9103940195578,7.695823503264539,-181.91039401955777,7.6958235032645375,2.842170943040401e-14,1.7763568394002505e-15
31,31,-181.91039401955777,7.6958235032645375,-181.9103940195578,7.695823503264539,-181.91039401955777,7.6958235032645375,2.842170943040401e-14,1.7763568394002505e-15
32,32,-181.91039401955777,0.1308828452569496,-181.9103940195578,7.587752922435858,-181.91039401955777,7.6958235032645375,2.842170943040401e-14,0.8977016655909287
33,33,-181.91039401955777,7.6958235032645375,-181.9103940195578,7.695823503264539,-181.91039401955777,7.6958235032645375,2.842170943040401e-14,1.7763568394002505e-15
34,34,-181.91039401955777,0.0,-181.9103940195578,7.585883167503617,-181.91039401955777,7.6958235032645375,2.842170943040401e-14,0.9132330165288997
35,35,-181.91039401955777,0.0,-181.9103940195578,7.585883167503617,-181.91039401955777,7.6958235032645375,2.842170943040401e-14,0.9132330165288998
36,36,-682.8900225961092,0.344900777375256,-196.22409769317358,7.617287348069458,-181.91039401955777,8.6225194343814,83.46251755792393,0.8889949436011982
37,37,-682.8900225961092,7.6958235032645375,-217.6946532035972,7.759526482886129,-181.91039401955777,8.6225194343814,129.0219813425472,0.22996752784881463
38,38,-682.8900225961092,7.6958235032645375,-274.94946789806005,7.859210622082594,-181.91039401955777,8.6225194343814,194.81891952936462,0.34263577269118917
39,39,-682.8900225961092,7.6958235032645375,-403.7728009606019,8.033427254989197,-181.91039401955777,8.6225194343814,248.8485857117748,0.42377348128957215
40,40,-692.5284130182052,5.857610837546833,-582.8317881725434,8.338074101466034,-181.91039401955777,8.6225194343814,200.4639481208682,0.4799351109814501
41,41,-682.8900225961092,7.6958235032645375,-668.5763189224937,8.567044771709455,-181.91039401955777,8.6225194343814,83.46251755792395,0.17985725777522
42,42,-682.8900225961092,8.535383893344918,-682.8900225961095,8.618785054051266,-682.8900225961092,8.6225194343814,2.2737367544323206e-13,0.017647992918522315
43,43,-682.8900225961092,8.6225194343814,-682.8900225961095,8.622519434381399,-682.8900225961092,8.6225194343814,2.2737367544323206e-13,1.7763568394002505e-15
44,44,-682.8900225961092,8.6225194343814,-682.8900225961095,8.622519434381399,-682.8900225961092,8.6225194343814,2.2737367544323206e-13,1.7763568394002505e-15
45,45,-682.8900225961092,8.6225194343814,-682.8900225961095,8.622519434381399,-682.8900225961092,8.6225194343814,2.2737367544323206e-13,1.7763568394002505e-15
46,46,-682.8900225961092,8.6225194343814,-682.8900225961095,8.622519434381399,-682.8900225961092,8.6225194343814,2.2737367544323206e-13,1.7763568394002505e-15
47,47,-682.8900225961092,8.6225194343814,-682.8900225961095,8.622519434381399,-682.8900225961092,8.6225194343814,2.2737367544323206e-13,1.7763568394002505e-15
48,48,-682.8900225961092,8.6225194343814,-682.8900225961095,8.622519434381399,-682.8900225961092,8.6225194343814,2.2737367544323206e-13,1.7763568394002505e-15
49,49,-682.8900225961092,8.6225194343814,-682.8900225961095,8.622519434381399,-682.8900225961092,8.6225194343814,2.2737367544323206e-13,1.7763568394002505e-15
50,50,-682.8900225961092,8.571281479269715,-678.2909915340074,8.621787463594089,-360.95784824896526,8.6225194343814,38.2024211667584,0.006080206008826534
51,51,-682.8900225961092,8.6225194343814,-682.8900225961095,8.622519434381399,-682.8900225961092,8.6225194343814,2.2737367544323206e-13,1.7763568394002505e-15
52,52,-682.8900225961092,8.6225194343814,-682.8900225961095,8.622519434381399,-682.8900225961092,8.6225194343814,2.2737367544323206e-13,1.7763568394002505e-15
53,53,-682.8900225961092,0.21029923836899062,-682.8900225961095,8.50234486015265,-682.8900225961092,8.6225194343814,2.2737367544323206e-13,0.9982449860045437
54,54,-682.8900225961092,0.29796896602383377,-677.227347148957,8.503862721695002,-286.502741295443,8.64110001469118,47.0377149972762,0.9878759801832334
55,55,-682.8900225961092,8.6225194343814,-665.9019962546523,8.623315744966106,-286.502741295443,8.64110001469118,80.28228034364902,0.0037632170045483497
56,56,-682.8900225961092,8.6225194343814,-631.9259435717381,8.624908366135516,-286.502741295443,8.64110001469118,132.6807272276592,0.006219384486111793
57,57,-682.8900225961092,8.6225194343814,-597.9498908888238,8.626500987304924,-286.502741295443,8.64110001469118,162.64796926589779,0.007624093399896862
58,58,-682.8900225961092,8.6225194343814,-541.3231364173001,8.62915535592061,-286.502741295443,8.64110001469118,189.93190851527595,0.008903022993012816
59,59,-682.8900225961092,8.6225194343814,-377.1055484498811,8.63685302490609,-286.502741295443,8.64110001469118,166.44798509411865,0.007802218437216444
60,60,-682.8900225961092,8.6225194343814,-314.816118531205,8.639772830383341,-286.502741295443,8.64110001469118,102.0853334050943,0.00478523107391318
61,61,-286.502741295443,8.64110001469118,-286.5027412954431,8.641100014691183,-286.502741295443,8.64110001469118,1.1368683772161603e-13,3.552713678800501e-15
62,62,-286.502741295443,8.64110001469118,-286.5027412954431,8.641100014691183,-286.502741295443,8.64110001469118,1.1368683772161603e-13,3.552713678800501e-15
63,63,-286.502741295443,8.64110001469118,-286.5027412954431,8.641100014691183,-286.502741295443,8.64110001469118,1.1368683772161603e-13,3.552713678800501e-15
64,64,-286.502741295443,8.64110001469118,-286.5027412954431,8.641100014691183,-286.502741295443,8.64110001469118,1.1368683772161603e-13,3.552713678800501e-15
65,65,-286.502741295443,0.3220026788089387,-286.5027412954431,8.403411519380263,-286.502741295443,8.64110001469118,1.1368683772161603e-13,1.3859501821161442
66,66,-286.502741295443,8.64110001469118,-286.5027412954431,8.641100014691183,-286.502741295443,8.64110001469118,1.1368683772161603e-13,3.552713678800501e-15
67,67,-286.502741295443,8.64110001469118,-286.5027412954431,8.641100014691183,-286.502741295443,8.64110001469118,1.1368683772161603e-13,3.552713678800501e-15
68,68,-286.502741295443,0.0011315771253573173,-286.5027412954431,8.517671894154528,-286.502741295443,8.64110001469118,1.1368683772161603e-13,1.025270971404904
69,69,-286.502741295443,0.0,-286.5027412954431,8.517655728767021,-286.502741295443,8.64110001469118,1.1368683772161603e-13,1.025405251198507
70,70,-286.502741295443,0.020485325825707647,-286.5027412954431,8.394796737866454,-286.502741295443,8.64110001469118,1.1368683772161603e-13,1.4361825587077524
71,71,-419.2775266030247,0.4320461007607143,-288.39952394269426,8.523827815920747,-286.502741295443,8.64110001469118,15.755860000425464,0.9741360447633685
72,72,-286.502741295443,8.64110001469118,-286.5027412954431,8.641100014691183,-286.502741295443,8.64110001469118,1.1368683772161603e-13,3.552713678800501e-15
73,73,-286.502741295443,0.018401522507955816,-286.5027412954431,8.394737200628803,-286.502741295443,8.64110001469118,1.1368683772161603e-13,1.4365297174764422
74,74,-286.502741295443,0.011378662026126385,-286.5027412954431,8.39453654747218,-286.502741295443,8.64110001469118,1.1368683772161603e-13,1.437699716380264
75,75,-286.502741295443,8.64110001469118,-286.5027412954431,8.641100014691183,-286.502741295443,8.64110001469118,1.1368683772161603e-13,3.552713678800501e-15
76,76,-286.502741295443,8.64110001469118,-286.5027412954431,8.641100014691183,-286.502741295443,8.64110001469118,1.1368683772161603e-13,3.552713678800501e-15
77,77,-286.502741295443,8.64110001469118,-286.5027412954431,8.641100014691183,-286.502741295443,8.64110001469118,1.1368683772161603e-13,3.552713678800501e-15
78,78,-493.2066047052469,0.1860942168835147,-289.45565362986883,8.347534279412182,-286.502741295443,8.64110001469118,24.528732062246217,1.4647681516546789
79,79,-531.6811280612897,7.189837956482609,-290.0052896778123,8.620367699573919,-286.502741295443,8.64110001469118,29.094351974013406,0.172215543486613
80,80,-286.502741295443,8.64110001469118,-286.5027412954431,8.641100014691183,-286.502741295443,8.64110001469118,1.1368683772161603e-13,3.552713678800501e-15
