gen,gen,fit_min,nov_min,fit_avg,nov_avg,fit_max,nov_max,fit_std,nov_std
0,0,-682.8900225961092,0.12034782239159418,-430.68369265871746,0.37706171575697384,-113.46121526683218,0.871852305291057,173.80634528389842,0.16536426357952022
1,1,-813.014689426342,0.16424461881275432,-435.74760799401264,0.39428687518034716,-101.28897246050526,0.7751091449188504,197.45142704621355,0.16167982153690463
2,2,-682.8900225961092,0.2431500338839368,-405.5272564278114,0.4990835823096215,-99.68097701946061,0.8173255264544608,193.99187929145896,0.1456627465988843
3,3,-691.1901505058272,0.07923898017536161,-366.4073138950862,0.46436183074251636,-49.64912736585885,0.8724600378893242,196.6623180080689,0.1854860797435114
4,4,-737.1141705789938,0.10486738564845616,-431.9833714544659,0.37422262438129505,-119.05243900769716,0.8673863924800935,184.61863148363577,0.18943757551922236
5,5,-716.7795985762044,0.20806662523069652,-416.6121653772701,0.45660999747565734,-110.75456129424977,0.732535769606653,178.7554937899147,0.1656625141902974
6,6,-694.43921890528,0.07272816107931138,-441.9417581978747,0.4255544345999832,-20.882154235886738,0.9790014103616173,186.74663645958583,0.20796309125808354
7,7,-688.4219914879328,0.06128010393106119,-431.18193772532504,0.38684266968681597,-6.935108503624375,0.764521138438349,204.9094576644654,0.2009068978399735
8,8,-682.8900225961092,0.15008476484791863,-419.26261806041737,0.38602191904725996,-23.08017986243084,0.8283197000480427,197.38127216527212,0.19724953922622815
9,9,-682.8900225961092,0.11693562375949253,-410.3833471368896,0.41644063536226816,-131.5306114818084,0.6976282647208449,193.16762379670573,0.19391438435752537
10,10,-770.1187368910814,0.01133521824304905,-398.15193401434203,0.4802035213974207,-51.175928380615716,1.0311270846607616,189.61041670377247,0.2545311261520943
11,11,-682.8900225961092,0.20078548156776954,-413.1232592979986,0.49085464564577164,-55.425211709835175,0.9023073493859973,206.9656247047579,0.21738915437341197
12,12,-682.8900225961092,0.12097129358879542,-421.2406960660394,0.4131004295392771,-59.24739504691456,0.8762548845980389,193.69766811167142,0.22782225921647195
13,13,-690.3835147569581,0.04370841678020598,-435.16284946976884,0.39412374929189375,12.032045207258099,0.9442293581497301,206.41705892074003,0.2582202761868375
14,14,-682.8900225961092,0.044563116457834985,-421.93163679068317,0.3769689109128779,-78.47838207537853,0.841239336433501,186.674407691333,0.2177857805173972
15,15,-742.2946973252587,-0.06425270491204706,-449.4986545050563,0.3892173457656181,-141.34767119846896,0.8432422173397781,189.7918012500619,0.25404571701246986
16,16,-862.7951246261156,-0.058076999197926485,-443.26798554897135,0.4939770326115541,-67.8185186212274,1.07199965378841,196.3551329567692,0.2723507046537447
17,17,-752.6546678172975,0.1552576177997595,-433.4691812143425,0.5220525355988014,-43.81122498863051,0.9919979366723151,211.21143785710385,0.21531560824184848
18,18,-682.8900225961092,0.11733872712865129,-468.13491664111694,0.402939153465563,-96.16555993298262,0.8785133919235671,183.95137302833757,0.2202083443273957
19,19,-699.7130151709131,0.012490774537816038,-423.76395758416476,0.4348829685999142,-91.16178719148338,0.9418806222794722,196.90224762273726,0.2864274700401958
20,20,-686.6985212617175,0.08826106010974272,-411.0363870595005,0.4664334331965883,-16.65718823504611,1.0474983104300402,173.8289661782664,0.25017796051244506
21,21,-724.7483539226904,0.004961047528580724,-480.5705352490775,0.3142906918872291,-98.29634582345513,0.841533918783346,162.25477438758267,0.21407208979903827
22,22,-702.7803501425664,0.05482373923396608,-446.6102943525825,0.4391823640930747,-49.19157298751833,1.0076364996436027,167.2406946843143,0.23658456741546544
23,23,-706.608669586463,0.06215827696978845,-436.1389199948004,0.41113171535151827,-23.085574824031216,0.9961975229821296,198.49350570047474,0.26692477501622064
24,24,-727.6355340035481,0.03517750589194828,-470.97310569781,0.35075309541584154,-100.61627634573664,0.8581779186202853,194.27014291546269,0.2537443032705977
25,25,-682.8900225961092,0.11040883559248071,-420.8708914164795,0.4809744810568622,-37.74557516468456,1.0440486824992448,196.0200713612459,0.2873939010095658
26,26,-685.6620512533001,0.03789003500366964,-444.69856897023,0.37063092122828534,-64.88468146252855,0.9242617915386976,190.7898503031473,0.2684044592248116
27,27,-702.1764269641805,0.023622799164884432,-436.57358752929764,0.4009705789932439,-69.36037433501454,0.9647791059192204,180.61500260790038,0.2705372952931278
28,28,-740.1682387878118,-0.022411460310286638,-437.3651659972019,0.41743988967918777,-58.9828881518475,1.0009192620207412,180.0730513066887,0.26660611317374294
29,29,-928.8592903780823,-0.23735615855952624,-489.09064873467645,0.3659553575740066,-143.73734269828734,0.8446724409225751,152.47916789072588,0.21083177343723655
30,30,-936.5532783138733,0.02845657283185119,-422.27488345602774,0.6348296406083564,7.904417965585707,1.1659476043099353,214.22072918526018,0.25486964149836544
31,31,-815.9210722990537,0.16389284813618585,-425.62413572122523,0.5372488930970912,45.98190649346426,1.0027721623715289,210.39745484594735,0.2062868967631596
32,32,-684.6448616759418,0.15172404323767377,-448.6549240937655,0.4225277506149128,-35.74710747598712,0.8785144384298974,182.3138124333966,0.20143829771414254
33,33,-686.249284821868,0.0073082728498538,-480.0987948376989,0.3188782518759263,-98.95546593730944,0.8734988054697175,190.56416588059534,0.27929773410676845
34,34,-687.7551750220063,0.027137406363101173,-399.10049944222135,0.4863768791931126,-35.2199669206356,1.0918939521774838,197.63251107963328,0.3222403704152604
35,35,-682.8900225961092,0.02447801917606132,-445.41094303910126,0.3712705592859406,52.43589941819198,1.1056970961295844,185.5872047617675,0.27353510453000435
36,36,-692.7295375943831,0.00981278323015358,-423.6802499660872,0.3548467830546217,-57.215827341460376,0.8410720539999301,192.66911802932174,0.25321048495482856
37,37,-682.8900225961092,0.03083520875282638,-406.20072147071505,0.44876795712646833,-65.85576532230697,0.9666053075769454,182.01793288093108,0.27647496406784294
38,38,-682.8900225961092,0.014327221300840007,-435.71349492923247,0.39986656344085575,-129.36152276528435,0.8899552010533754,182.5370050706251,0.28751887846273366
39,39,-841.7045326639865,-0.2670168000761051,-439.4954074565532,0.4389424463042964,-143.32153739563745,0.9556069947695364,188.91403247012946,0.33041698622799803
40,40,-691.6458299922442,0.22914887877392748,-444.56645406658475,0.5648779052438391,-103.9189153534161,1.0433355970012732,177.83739183052066,0.24832399678005943
41,41,-682.8900225961092,0.02597887468946536,-428.41250428819956,0.44633378245204264,-60.883195335344055,1.0573787774259333,201.3323930419655,0.33456926442006973
42,42,-711.6494507857655,-0.02994562818439858,-472.1816596767816,0.3410825977972733,-112.5333881877879,0.9109898575581314,172.00757584295394,0.26991285071331017
43,43,-682.8900225961092,0.057213146718710965,-376.8980235836398,0.5555987819733418,-21.691265380359024,1.1346711301567047,184.9098545524604,0.303237102721598
44,44,-682.8900225961092,0.008780890769505513,-441.9067240920092,0.3657978048286559,-72.39119598638638,0.9146227308255829,192.32672464802238,0.28603887627176
45,45,-682.8900225961092,0.007958545029331044,-476.73568751014994,0.33900466813231217,-99.20799396831922,0.9489891111624869,169.97835780566302,0.27395575289724194
46,46,-682.8900225961092,0.007947220897879777,-453.10769355077247,0.393871672558753,-57.39933429238979,1.0610950054054156,189.1085773336087,0.3179635933505475
47,47,-800.9279516505088,-0.17600931216001453,-412.3399295678622,0.4320633705681465,-87.7701050996633,0.9450533085956219,200.93941639585887,0.3157184582245128
48,48,-682.8900225961092,0.17043214348893246,-426.06712684490697,0.5240332252095543,-100.2649227440681,0.9750412973960754,191.5938341755838,0.26420708254037006
49,49,-974.5025482754022,-0.48765892808850253,-429.2203378169624,0.4346613515110065,-85.46354382528689,1.0189936015054606,208.22650265500258,0.35287334105585827
