gen,gen,fit_min,nov_min,fit_avg,nov_avg,fit_max,nov_max,fit_std,nov_std
0,0,-891.652201027131,0.054397401643770354,-411.2514806238096,0.43448071612805766,-67.7462868280873,0.8536641405884923,169.8904278653917,0.15548778922530854
1,1,-737.2329338809741,0.12384911234599992,-420.65338052537663,0.4403721078094415,-69.87000356934949,0.8738442479476864,189.80612912201698,0.15006590789173957
2,2,-753.3774109265529,0.0685858499246349,-423.2034849006992,0.4169169356297479,-32.65524654219987,0.8967268088589673,175.8138057106965,0.16330066058184634
3,3,-905.1438911756446,-0.046071750417734154,-422.7800467525066,0.3594392277837967,-16.58643947669277,0.6737047499368785,199.1287949098488,0.15792008188369233
4,4,-742.6497033307805,0.17448467300694973,-402.85117921976615,0.5471897604569146,-43.812239118003525,1.102282138938793,176.53784984064077,0.23159989922670954
5,5,-961.9883219902662,0.052947978475073584,-437.54648066489455,0.41527131981390136,-87.44723319633336,0.7901567635692608,196.13626036948187,0.1686099816904922
6,6,-750.2233357292383,0.17891968087022342,-425.06311670228666,0.43873174610208315,-34.05340285942614,0.8379296950044778,165.2083753833317,0.169629926221784
7,7,-718.1843115728201,0.11850447690140017,-391.90072960984025,0.3976408269244457,-108.40072400596478,0.9054881677921827,177.0828016553046,0.1812307642809129
8,8,-681.0294248130018,0.11555355286219379,-427.18558765778226,0.43458203165480364,-80.57052636598968,0.7192365974036066,169.09747080893501,0.1639693915962208
9,9,-708.9486442237544,0.1214054480660742,-402.0426120249145,0.4081276307120992,-128.10540629595997,0.7406571225456041,177.48549803403262,0.17022887889111102
10,10,-756.2421813621701,0.0640217760165282,-435.73037172152243,0.3715197386616798,-120.98533622470211,0.8058216655544597,156.44173078161867,0.17918909385284243
11,11,-1003.527640246034,0.061131002942298354,-419.8569948222633,0.41076740418553054,-81.07411474005592,0.9518818571188054,207.0279974299912,0.17908225237999847
12,12,-862.5450980572344,0.16987195387042095,-421.7013353087913,0.444967629967551,-16.241140545439453,0.802438194900088,195.30087585236956,0.16162664250324058
13,13,-797.7032874776928,0.10602812530272711,-425.93995866958585,0.5021702949098917,-114.8146080296848,1.044047367664169,174.36185697372974,0.24965466081500945
14,14,-708.0986042329165,0.10608659351599793,-416.2512185687365,0.46069807673523266,-100.08927145628839,0.9591758449424028,183.96707945404225,0.20447955249964667
15,15,-783.5742575338309,0.12159780022162439,-402.55683359638925,0.40812137708315366,-97.1786563769743,0.9241256973982117,186.39365045087334,0.17934766929184437
16,16,-766.0222640867049,0.14231626860746543,-410.3850258762255,0.41152967703145266,-85.01836980811446,0.9280462638354161,177.15068584954062,0.21196802134003012
17,17,-807.3411518080769,0.09311215414558388,-449.28542767471214,0.4327794932190068,-86.20571766472908,0.843131991947283,180.3101963141699,0.17771325192306275
18,18,-820.4456864371418,0.0605362689614542,-377.7216197235087,0.41771245723353473,-4.323525214143511,0.781749374687934,202.82393541350254,0.18999962859870725
19,19,-681.397816810842,0.08255139694426958,-371.6452320031293,0.4019358610037435,-25.61529258798757,0.8654970313585901,177.67910541286125,0.18386819073200406
20,20,-698.6989216644724,0.07155337213028265,-438.14346423768393,0.3871997150357117,-89.62932599390695,0.8504782460051339,172.79868920409163,0.19777164719497947
21,21,-762.957472086173,0.06304147160426024,-416.3615275737117,0.40661637391692385,-76.6917495048314,0.8892371549923541,188.06396434592776,0.21333851223859995
22,22,-804.7308529033444,0.07178453813625629,-423.6084338437305,0.4320034023223422,-25.015905305355115,0.8815531986004423,192.87769903919863,0.21687110240278099
23,23,-730.4652941715489,0.05604995056902853,-443.1497464386902,0.4700767293436045,-113.03742430640723,0.9180057918862187,178.35800074363883,0.21928799288840573
24,24,-740.7110585522072,0.1182066738110337,-443.7642189183122,0.43174789565484417,-130.0499350197723,0.8719378699169225,169.61740082688505,0.19131847724980242
25,25,-677.5051670410518,0.08408496142188865,-391.4575380949591,0.41147126716302207,-53.864337494237255,0.9128839722674995,183.65355346429254,0.19723249672999882
26,26,-666.9840856965869,0.021340325487362814,-415.9542465804104,0.40348746273894287,12.072331708070223,0.9095667269544943,173.93673626706573,0.21554826055734272
27,27,-666.9840856965869,0.02747862707748838,-388.2170571652097,0.33592978048165467,-49.862791282953744,0.8778556216604109,173.2841668788498,0.20746326729616182
28,28,-698.650723028379,0.10921272895323955,-429.2479772698633,0.4521286338521453,-57.98704759921315,0.9378000210954398,178.45835597576234,0.18988151655505248
29,29,-733.7485747900719,0.07852298791703,-409.35613452512854,0.41693722283072027,-41.662012041501214,0.7735900241370106,190.2988592949113,0.20795000726338073
30,30,-760.0334446403103,0.0829994489928524,-435.1605986716853,0.3640406101968549,-15.689441770197893,0.9250726060817606,187.25937265134024,0.2177790658514998
31,31,-706.5847511696965,0.09842295381937685,-436.3957971129994,0.3764627724838467,-107.15433725940655,0.8475042638554036,166.56296751105745,0.20949003608045177
32,32,-862.9530179446025,0.037139512255845705,-453.6313392159635,0.3825632550681903,21.650150654196096,0.9090324092509111,171.53891164173973,0.20570930024556064
33,33,-671.1508475312665,0.09560834106202075,-460.7665171058712,0.4437786339046043,-35.37316921484002,0.8395966423366082,161.58651015479947,0.21140372629627902
34,34,-681.3432930583663,0.040234299726062295,-441.91072932273426,0.39152039438242225,-69.03406396425677,0.8316661753002599,174.80221549396614,0.22167725366051058
35,35,-763.0055466477635,0.06506673833450327,-403.47352350003257,0.4100333697325866,-42.888814942937955,0.9112100448455593,174.4819600258922,0.21961183840798804
36,36,-882.8917701706606,0.07970563523846766,-405.71014539524396,0.358459676455164,-52.3158349364298,0.865113336949209,187.97526833882327,0.21693893171198794
37,37,-899.3926356480985,0.02981258722525967,-425.80440435047876,0.4056579303990237,-78.27090579469741,0.9072538347783754,188.65126414564287,0.22257539733057338
38,38,-744.5827932815209,0.1223214976521795,-433.47378346150424,0.4395412964932606,-31.018374139788857,0.8670826787350461,199.520462697336,0.19773328713277138
39,39,-723.4661732380813,0.037325856322635916,-392.33758102825004,0.33322097863499195,-58.61044233744338,0.914568945401583,185.37805643152953,0.2195796911567922
40,40,-727.4304470494106,0.10976050406772883,-428.17907524934316,0.43382509510209943,-34.62091957648975,0.912570574465882,196.18674783474998,0.22030669024853286
41,41,-1062.9283176226281,0.11588703625374486,-435.54325071875866,0.38010513973967114,-74.35823260938149,0.9140788489420573,184.84068657888568,0.21593531548990538
42,42,-827.363280145763,0.10809560396334315,-440.750089891865,0.4432554943789828,-68.15806641526122,0.9034811161863154,184.55103176440562,0.2443711539296541
43,43,-711.53269749115,0.09270476088436169,-416.70837571622206,0.42638901144517954,49.63059308249078,0.8898170744376954,176.61153628793414,0.2388556771424729
44,44,-803.1628566142699,0.02878944872122143,-419.6543146632767,0.39013876149263804,-7.896717103319385,0.9272070625907516,189.7802028900473,0.2441223392577706
45,45,-686.1096251770485,0.09494540270204854,-409.46953652456943,0.413660736376276,-82.05718694216525,0.9492921845801412,172.64192767622615,0.2150181593514867
46,46,-743.0854192132388,0.06364661613950151,-417.33478132620684,0.38106750815674856,-74.86566701268642,0.9506876672817904,181.48668789886727,0.21267375402645064
47,47,-887.6378165001771,0.08361282544376304,-417.66607560109156,0.3903979086583675,-80.41381443051901,0.8682789102230993,199.14697475438834,0.22776399330664812
48,48,-712.6313665158219,0.1084371389400435,-394.45312722330925,0.4402042905842536,-44.496010376555,0.9495967472792961,198.73222447659478,0.24419902012675235
49,49,-724.1912940099968,0.081839819575749,-420.5972867432868,0.3617873201397073,-76.02958021406829,0.8008883759935926,192.46407157476582,0.21563192351249555
50,50,-810.3862028667996,0.11607558764499346,-402.1651657666424,0.42715067291045666,-68.84548402854475,0.9461904837804935,200.22312114299453,0.2543507753667877
51,51,-696.6551700453256,0.049639891496442906,-377.5918302225603,0.3848661823796604,-85.75506251224472,0.9066163118302081,182.84513546831144,0.2435662133612869
52,52,-767.2752373650492,0.03800684802672758,-426.95361704934993,0.34794401350309623,-122.552540930381,0.87941274031178,178.00621676790863,0.22471119860328537
53,53,-667.1798664776401,0.10078026820342999,-392.18042769310307,0.38751523108832675,-82.19980019473932,0.9555921620935677,171.08593738515648,0.22965333710555416
54,54,-666.9840856965869,0.06484792455761038,-395.5788676650007,0.37192237065724587,-69.87873434272973,0.9112154291170346,170.5657344856307,0.21942901337817167
55,55,-760.4133639234409,0.03130515932285515,-420.6621129162269,0.40084078454454086,-51.89095799702242,0.8563377564930041,175.64735167645605,0.2424954162650316
56,56,-759.7256942828684,0.06433815650606373,-406.3375927064985,0.3750068856982464,-49.7667541136168,0.9252353148120349,206.3164311200987,0.2640831715375288
57,57,-761.8602499548703,0.07284262571219222,-409.1774884019763,0.40053589361929276,24.904299645322396,0.9308293624546956,188.94838322670464,0.22604508346665136
58,58,-730.9862826115036,0.047503608838039106,-392.21520177862817,0.3893743921700322,-61.71549789037393,0.9050404804285477,192.25123728541635,0.25133627688775567
59,59,-761.8602499548703,0.0649190735586259,-408.4740338146726,0.38646734035171576,-23.64830655598045,0.9248655681778415,197.79462594202334,0.2362752022280332
