gen,gen,fit_min,nov_min,fit_avg,nov_avg,fit_max,nov_max,fit_std,nov_std
0,0,-711.4220907279322,0.18703577938399396,-412.0735900471025,0.25647167606534177,-95.58231941914886,0.4356802792904586,175.74546093586557,0.07822818512946624
1,1,-724.6903766986688,0.23013908877143746,-402.39067294489905,0.2980326087095336,-7.846351121356715,0.4541601796568138,213.31957560963392,0.07118264182727373
2,2,-682.8900225961092,0.18381206692409066,-335.88174696814383,0.23506806094609908,22.824754775181955,0.47094701695420965,192.86692477138394,0.07501042604800814
3,3,-673.2326283091044,0.20220653819435136,-472.2775606818082,0.26736689057732266,-81.37209522937782,0.45399088227246903,172.54100052087108,0.05507199126939931
4,4,-646.2937667474495,0.1544747790356719,-426.9151069821562,0.23606755377141367,-125.63114642454781,0.4391877514553352,163.43713867979133,0.10930585572807594
5,5,-682.8900225961092,0.20571207565890318,-395.9646783025594,0.2611345399012954,-157.98278393717644,0.3420826002572453,143.39150432634113,0.04783755065547525
6,6,-577.7794907888747,0.13428657129964572,-391.42279810385895,0.1856446117819946,-121.51131413824864,0.3586160615046159,167.38151509242968,0.061865793828827544
7,7,-682.8900225961092,0.2295171245452296,-463.87246088317164,0.310374790052886,-143.73734269828734,0.5491771734712652,205.16215149437764,0.1043914592810104
8,8,-682.8900225961092,0.13597333109806134,-357.913652155431,0.2069269426771943,-125.13927472067802,0.41686841795033697,181.0331307958107,0.10145674057848104
9,9,-682.8900225961092,0.2309325700491998,-479.8107428510446,0.32219205314658406,-139.68662924943925,0.48170493555461424,193.67058729105906,0.08267027570106397
10,10,-682.8900225961092,0.1856722930605081,-402.1172996418476,0.2585260489473652,-125.322490670607,0.40034094335743076,179.38022748063543,0.07068983046875896
11,11,-682.8900225961092,0.3161159986826867,-590.7321553915114,0.34243358751495107,-406.1675768941647,0.4174136347080026,109.11900354719315,0.039349428358074166
12,12,-728.738905605884,0.2323780985046001,-523.2325560144102,0.2916177776044212,-136.7885012003038,0.5311073962554355,243.378362665062,0.09756026739760812
13,13,-693.55007131409,0.22500114752794498,-654.0228166573087,0.2704013221554159,-375.00514741477565,0.6070613416279087,68.2139874377805,0.0801165058183955
14,14,-693.55007131409,0.19228181124607618,-614.3474939381844,0.2639955283980169,-454.64095628290187,0.401468437692204,96.84960799886996,0.0920914077204771
15,15,-709.821403566665,0.23976175083008344,-602.5303771397139,0.3038579611582927,-324.3121675721956,0.4608927501894539,168.05004553691344,0.09533709860260638
16,16,-709.821403566665,0.16635756672026317,-511.6041829990166,0.22531237311072114,-29.241599895356988,0.3429006545195365,303.46637307966654,0.07585655609563614
17,17,-693.244141393155,0.17827752144557601,-624.2892258045065,0.23863319017461315,-210.55034780019983,0.32721580797739586,106.54829539597061,0.06160497508864543
18,18,-726.6923761200959,0.1631764559890494,-622.8220205269039,0.1921826597827104,-191.03026356214528,0.4217640912072192,125.8111941197113,0.049129274278959016
19,19,-751.0308753258881,0.16823059952039696,-639.4444354308197,0.18227332134300206,-82.80773143027642,0.28631337128277845,127.25983641580986,0.02116773486448899
20,20,-719.2431692508834,0.16134273010722794,-635.9254823336505,0.17813917932420983,-81.19751373436226,0.2450627065185863,133.0965668006374,0.024273060314427174
21,21,-720.7991672580539,0.1435223707161813,-631.8014358247312,0.18431303737043794,-120.64762582430048,0.435227988386807,113.75383180557502,0.054590462877665474
22,22,-720.7991672580539,0.16442980614523253,-617.7877081505784,0.188223342355209,-512.2454085262322,0.21266691097299,99.5073744894255,0.023036670006017654
23,23,-716.8779169248128,0.16822024757367823,-634.4819534074475,0.1770722251351979,-512.2454085262322,0.20610287463901805,93.88910205762988,0.015283160738623467
24,24,-706.9344159168301,0.15909469752014702,-630.8300557030702,0.1788987657018493,-493.63028482172746,0.263220683613329,91.31681997809724,0.020159408686009666
25,25,-713.7437533105962,0.1314830922945076,-615.1989082067764,0.16992605800478575,-74.62638821460654,0.4476418345244872,129.3152461305121,0.056162084543828934
26,26,-715.7509042672356,0.16060034752332197,-645.1944489336418,0.17003876560690462,-536.0682863329561,0.18601991802494827,81.07893573615034,0.009840198640625963
27,27,-714.421357133296,0.18868526017252,-616.9434497834343,0.22307978986073984,-474.3708835277345,0.2743285369952116,109.2026070416536,0.03919531122475924
28,28,-732.5156257403561,0.1479545282851584,-654.626778485161,0.15845928201184709,-536.0682863329561,0.18132889173524458,86.09793831366234,0.013495334669529215
29,29,-731.1127053402905,0.13277101712517328,-634.2101327932185,0.1581412102342792,-369.58733259889596,0.1925327824821018,92.87237878938261,0.02286644287831467
30,30,-733.3605201897095,0.14311149002085483,-641.6730103646864,0.16278079357432176,-536.0682863329561,0.18688701248702663,82.71680908761944,0.019521188823659028
31,31,-721.10962578533,0.1433049342351195,-637.9732933771046,0.15905744012293396,-536.0682863329561,0.17166368128802362,78.91401104919726,0.013023200336198523
32,32,-721.10962578533,0.13618220457038369,-631.1682553422053,0.1577218987661078,-536.0682863329561,0.17591271850050438,78.83723528248781,0.018477419689598353
33,33,-721.10962578533,0.13980884631068338,-634.7883264446696,0.15515156367147218,-536.0682863329561,0.1760884357786255,76.2196323700943,0.015145110769761438
34,34,-722.5820744947936,0.127256743330605,-633.0245911561549,0.14890534483657109,-536.0682863329561,0.18230011928998946,74.66645476240669,0.023348324560876082
35,35,-722.4363573817831,0.11745931518178342,-636.5858661607698,0.14134713981907565,-536.0682863329561,0.18570957736085225,71.73372068225157,0.029355818453108362
36,36,-722.4363573817831,0.10045918102105499,-623.0325103126512,0.13836034851052056,-536.0682863329561,0.18998132197490752,73.83179922039851,0.04191337023571048
37,37,-722.4363573817831,0.12203790017829709,-627.2674626083285,0.13692831778812983,-536.0682863329561,0.20658777145768495,72.0802877958372,0.019275253748910117
38,38,-682.8900225961092,0.10589914363150454,-619.2672702154097,0.13393947039547763,-536.0682863329561,0.17060759000990397,72.75540082962338,0.0320653404131153
39,39,-682.8900225961092,0.11936320169421134,-641.2905306548826,0.130067628599224,-536.0682863329561,0.15714353194719716,66.16034994396395,0.017024453831931467
40,40,-682.8900225961092,0.08074436020265527,-648.6316174680403,0.10697490011452043,-536.0682863329561,0.19316095982493448,62.09863283994828,0.047546891371365266
41,41,-682.8900225961092,0.067320290313534,-643.7375595926018,0.10442125030854829,-536.0682863329561,0.20644889029483762,64.92701470045283,0.06152498183272419
42,42,-682.8900225961092,0.07625634084841967,-616.4925876531754,0.12887452469598307,-369.58733259889596,0.19853141343346203,78.79900269277873,0.06017129896016705
43,43,-682.8900225961092,0.11664851503654006,-611.9261834022519,0.13627585518121973,-536.0682863329561,0.15725680499104974,73.37007298081208,0.020292861761614253
44,44,-682.8900225961092,0.13282725975691814,-594.7969808382175,0.13933858823346146,-536.0682863329561,0.14367947388449034,71.92766739884215,0.00531647743839496
45,45,-682.8900225961092,0.11220048385588999,-594.7969808382173,0.13194776901452665,-536.0682863329561,0.16156869675248162,71.92766739884215,0.02418538622194748
46,46,-682.8900225961092,0.10771246450165439,-565.4326335855868,0.11938131482266696,-536.0682863329561,0.1660567161067172,58.72869450526128,0.023337700642025123
47,47,-682.8900225961092,0.0583442516050628,-572.7737203987443,0.09761442095462432,-536.0682863329561,0.2154249290033088,63.575676715814794,0.06801792853527458
48,48,-682.8900225961092,0.067320290313534,-565.4326335855866,0.09514601030979472,-536.0682863329561,0.20644889029483762,58.728694505261274,0.055651439992521444
49,49,-682.8900225961092,0.053856232250827196,-560.5385757101483,0.08153235160194675,-536.0682863329561,0.2199129483575444,54.71723047649274,0.061885684222500646
50,50,-682.8900225961092,0.049368212896591594,-560.5385757101483,0.07854033869912297,-536.0682863329561,0.22440096771178003,54.71723047649273,0.06523085634263583
51,51,-682.8900225961092,0.0493682128965916,-560.5385757101483,0.078540338699123,-536.0682863329561,0.22440096771178003,54.717230476492745,0.06523085634263583
52,52,-682.8900225961092,0.04488019354235599,-565.4326335855868,0.08168195224708794,-536.0682863329561,0.22888898706601563,58.72869450526128,0.07360351740946386
53,53,-682.8900225961092,0.053856232250827196,-565.4326335855868,0.08706757547217064,-536.0682863329561,0.21991294835754444,58.72869450526128,0.0664226864426869
54,54,-682.8900225961092,0.0583442516050628,-562.9856046478675,0.08714237579474124,-536.0682863329561,0.2154249290033088,56.811137862896224,0.06078072802023156
55,55,-722.4363573817831,0.05391908679977834,-574.0919315582669,0.09708045540155674,-536.0682863329561,0.2524145045810935,66.20100064084545,0.07492937989548736
56,56,-722.4363573817831,0.07199687331462302,-574.0919315582669,0.1074797445689707,-536.0682863329561,0.23956040593651806,66.20100064084545,0.06166337454141435
57,57,-722.4363573817831,0.07199687331462301,-596.7742975775011,0.12867088252310047,-536.0682863329561,0.23956040593651806,74.80809366548937,0.06968632143005295
58,58,-722.4363573817831,0.11238904750274341,-590.0923163441046,0.13594916047909983,-536.0682863329561,0.22267482716460912,74.19333534485779,0.03439371074043672
59,59,-722.4363573817831,0.09898784398898776,-586.5164696281887,0.13044639444908943,-536.0682863329561,0.22562865493782636,74.82571802558381,0.04737563724650371
60,60,-722.4363573817831,0.08582562261698692,-569.8569792625897,0.11261281770336871,-536.0682863329561,0.2259715477051655,64.71280784088353,0.0511073045871496
61,61,-722.4363573817831,0.05853281525191621,-566.0917391653479,0.09187838888828376,-536.0682863329561,0.245188932193821,60.24553086333806,0.06674526022655684
62,62,-722.4363573817831,0.058469960702965076,-561.1976812899096,0.08597217665949138,-536.0682863329561,0.24786363067790676,56.39938956617784,0.061586255520523527
63,63,-722.4363573817831,0.04949392199449388,-568.5387681030672,0.08891391152361232,-536.0682863329561,0.25161598151610876,61.93445373879772,0.07500286817094606
64,64,-722.4363573817831,0.06289512550824954,-568.5387681030672,0.09613453917047544,-536.0682863329561,0.24866215374289155,61.93445373879773,0.06335131795005157
65,65,-722.4363573817831,0.06295798005720067,-556.9627289942324,0.08439179521992525,-536.0682863329561,0.24598745525880578,53.63630381271021,0.05484714000346485
66,66,-722.4363573817831,0.03602986393178708,-553.8565944767519,0.06043523054356795,-536.0682863329561,0.25724450777341173,49.17441017190822,0.06717529952055583
67,67,-722.4363573817831,0.03602986393178707,-552.0686711187939,0.057215989313899325,-536.0682863329561,0.25724450777341173,48.36180758486609,0.06359277847053867
68,68,-722.4363573817831,0.027229952816119583,-547.8337188231167,0.04267016162082841,-536.0682863329561,0.2610606220898214,44.243694815924,0.05778055949417871
69,69,-722.4363573817831,0.022628660418031413,-550.280747760836,0.04239796147017528,-536.0682863329561,0.26019833554662897,47.46801986736218,0.0655674628971965
70,70,-722.4363573817831,0.022628660418031417,-558.2809401537547,0.05424827335136589,-536.0682863329561,0.260198335546629,57.089783265395745,0.08061465935539848
71,71,-722.4363573817831,0.046395379598927054,-544.58601052111,0.07011920379399364,-420.29845778390603,0.6295239601589269,42.51518950249625,0.0897049516762474
72,72,-682.8900225961092,0.03274275788936683,-543.9759522509222,0.05772554943299763,-423.24129635830565,0.620523736340055,39.83393607797205,0.0927005305746883
73,73,-682.8900225961092,0.028191883986180093,-540.9623442083946,0.03599724476335098,-536.0682863329561,0.262352707301307,26.355308234890547,0.042033154164208726
74,74,-682.8900225961092,0.008976038708471199,-543.4093731461138,0.021766893868042658,-536.0682863329561,0.26479314189990044,31.99905555431329,0.05575404504203781
75,75,-682.8900225961092,0.017952077416942398,-540.9623442083946,0.025880911609425288,-536.0682863329561,0.2558171031914292,26.355308234890543,0.0426980788549636
76,76,-682.8900225961092,0.008976038708471199,-538.5153152706754,0.013239657094995019,-536.0682863329561,0.26479314189990044,18.79598591987342,0.03274947424018185
77,77,-682.8900225961092,0.004488019354235599,-538.5153152706754,0.008901238385900605,-536.0682863329561,0.26928116125413604,18.79598591987342,0.03389857859948649
78,78,-682.8900225961092,0.008976038708471199,-538.5153152706754,0.013239657094995017,-536.0682863329561,0.2647931418999004,18.79598591987342,0.03274947424018184
79,79,-536.0682863329561,0.011007052946633922,-518.8781184005558,0.030124234047783454,-192.2649276849479,0.3933506749696246,74.9302048398269,0.08332986050527644
