gen,gen,fit_min,nov_min,fit_avg,nov_avg,fit_max,nov_max,fit_std,nov_std
0,0,-733.9311802142732,0.041698839061363714,-462.06825154495885,0.4098662074757822,-62.52721378928674,0.9076523877507928,196.71018400619565,0.19547456687437934
1,1,-772.36519089583,0.025421082333266037,-441.7871724001511,0.4224608873982475,-43.09358682927664,0.7648307928650149,221.21300394611708,0.1957487784925756
2,2,-800.3832731939942,0.09731215667431684,-429.8697780230063,0.4483657055059582,-12.823679207160657,0.8332579457406999,225.70678980535683,0.177563092526578
3,3,-723.7527365869772,0.10873009300167781,-495.91100531789283,0.3852153807716601,-125.39169619536649,0.6874573999242545,196.44716746198387,0.16446787057259896
4,4,-728.2754254308405,0.06644928416179274,-513.5156744583867,0.40420895566061704,-136.80427188538337,0.8270063444700895,165.898205512672,0.1769694339715163
5,5,-755.8204812611274,0.014400998541742531,-442.4419617989022,0.4659167081795825,-34.105833015610074,0.8640189284515878,218.91603181945436,0.2179566888681215
6,6,-830.6220137664868,0.08692203557878013,-446.96491505703887,0.4519068509416908,-48.614583628561974,0.821269750279919,216.14889790450158,0.19065922016497866
7,7,-755.9681298589809,0.142282001031658,-437.2578000686114,0.46337358054683714,-9.606531471654144,0.8259957903028909,225.263519685487,0.19589934848252874
8,8,-795.187437789425,0.057121775904815604,-468.3649775373496,0.3972935222223095,-22.494016701893973,0.777747876021941,219.56878324527776,0.19183913464538913
9,9,-706.9424427486147,0.1262331485717392,-493.94481637401236,0.40147407673624014,-96.6270544352859,0.7833932467082845,194.905014098562,0.16149815431948958
10,10,-800.3832731939942,0.032438130975815424,-454.5236716493845,0.4218653468868616,-49.2731778106683,0.8343978199680231,222.91488419469118,0.23198773000008813
11,11,-706.9424427486147,0.13251542477383096,-439.16721261426807,0.4549000096952803,-87.65592697678555,0.801613358634243,196.30483655961348,0.18334515281391878
12,12,-706.9424427486147,0.03889941409940927,-449.86861482280915,0.4216217962967192,9.954214098809949,0.9183066089272058,216.16703018614788,0.23248270488935596
13,13,-734.6442259680781,-0.03469007336137224,-426.02524082585086,0.38537386867338763,-41.31609919283925,0.7942561190416009,209.7626592337328,0.21683563917261373
14,14,-711.9967075610544,0.0823538880991266,-398.50408258217414,0.4338310462870607,43.83540354580931,0.9018937968181261,190.55132369534945,0.20884400024923183
15,15,-756.118012491997,0.040846667691686406,-438.2001024041007,0.3628597095870431,-64.25645739760324,0.7792446415115132,189.47527776968872,0.1939318456001064
16,16,-749.1084651222417,0.10280939162635133,-478.4583480432024,0.41359846732859173,-99.80214128007287,0.8549707395902619,191.38386231726034,0.19870010243210884
17,17,-725.4294828712509,0.1005704585869219,-470.1567058085617,0.41100776329411687,-135.31630485440223,0.8369406380817321,177.55828772776061,0.19712782008673752
18,18,-725.0998590716426,0.13843459123895743,-425.7744604680592,0.4782495293375393,-58.30374282947642,0.9209462454805446,196.19254878040414,0.24052600423389764
19,19,-706.9424427486147,0.07479366275511938,-431.84371370670794,0.43464406153899454,-38.04745633267323,0.8924276348616538,200.6494713682342,0.2342434897318809
20,20,-706.9424427486147,0.07892780953739403,-451.65041524560036,0.39396810408286387,-74.9080513719644,0.8482964214044598,203.43911991721984,0.22973478314668624
21,21,-756.4420539844017,0.04820634987341618,-455.65958111238933,0.41557048759119847,-16.94593401490666,0.9347944281057975,211.94769829262808,0.24003494836521455
22,22,-709.7150548178757,0.09519288326807293,-443.19256889436656,0.4242469683428795,-89.27110440543497,0.8269928353273268,195.69027007930495,0.2107327467581331
23,23,-819.2577078884939,-0.10049969613708772,-468.25903104370815,0.38940196200216187,-79.43629560035076,0.8771955112220459,200.53791369488542,0.2698429030291525
24,24,-706.9424427486147,0.14734522296354666,-461.24382324688776,0.4706510111811212,-81.70305905800893,0.8982085324456288,206.3870144684351,0.2192654476284861
25,25,-759.0308729532893,-0.06471220511691793,-464.48766897595664,0.3848713505934305,-83.17331111077533,0.8685629602227717,183.2684596692491,0.23193225674343226
26,26,-800.3832731939942,0.04339095978129101,-466.3490270040984,0.4340265072307066,-34.08857961054768,0.9522624921421384,211.6019604171343,0.2551542212365264
27,27,-733.5195087072722,0.09609810001870632,-450.1703836156468,0.437371577663828,-83.57695884492675,0.8344850530940291,179.59421445283962,0.20371121107887363
28,28,-800.3832731939942,-0.06025695059133282,-431.6830568552131,0.4495318115899842,-118.41705961554248,0.8891816832913474,201.16631698687289,0.26840813707245625
29,29,-788.5659139909558,0.050963817112851736,-428.51689086761127,0.5260764954232318,-39.608044075203416,1.0049289888555824,223.2028676519036,0.28000205702975334
30,30,-749.7453792573128,0.14450453724737006,-400.7176254648072,0.5033047892476726,-6.670427556530943,0.9331085885934969,209.13187872239004,0.24007883446621361
31,31,-741.5329569943605,0.07934216919835832,-461.45188418558905,0.3852258882797573,-83.4801228364255,0.8149304937798799,188.06296352420665,0.22014195483835705
32,32,-717.7716609497188,0.10220231427908053,-455.7064404526363,0.436303212495915,-117.6664822965692,0.9051407105069569,202.95517450610004,0.26744694639972727
33,33,-706.9424427486147,0.07164618582451467,-460.09920960528973,0.4246680593836208,-124.98731458572081,0.9153498599700675,179.3991524193963,0.2628528197334765
34,34,-754.9621640211025,-0.046305941812542634,-484.2607928000605,0.3845467588884992,-136.80427188538337,0.9318680134314566,190.61830192285788,0.2923840805479903
35,35,-711.4295211705612,0.12739283464975507,-462.91259032986784,0.46728250264204363,-118.47089477285981,0.9596962971525596,192.18110189807228,0.2752709731412418
36,36,-976.6484792713221,-0.39326667146308153,-452.67007841455495,0.4331017884663029,-77.84342842034677,0.9863457094908347,219.89143612381628,0.3298551072409224
37,37,-800.3832731939942,0.20886005865332494,-481.5140358889133,0.5418833805986983,-98.36094412257849,0.9196703243249875,219.01673689555489,0.2181847943667771
38,38,-706.9424427486147,0.17338979082869146,-420.54455744761776,0.5320244688442728,-44.11753308854037,1.0126124280954873,207.22004548961831,0.2667899754898934
39,39,-800.3832731939942,-0.08092865586053336,-423.5528764505029,0.42588042445063723,-20.900740473074915,0.9876418829788103,226.62786999592942,0.30676230635426066
40,40,-853.3706009549277,-0.030999802723739846,-463.7766599048417,0.4255581881803647,-53.93859001432631,0.9099294761110399,207.7146502877432,0.24392561118862288
41,41,-800.3832731939942,0.10814454158370757,-461.85645345929663,0.4808799222534843,-60.31061347616957,0.9370019281283942,207.55638385247022,0.2395273005731901
42,42,-748.8317940177543,0.09498424798502644,-436.3835255098487,0.4839774669651992,-60.87927711804658,0.9480877987057811,207.13659764990868,0.2573255726211843
43,43,-800.3832731939942,-0.029260552073024942,-434.1843785788055,0.4542692138091111,-78.81956558949524,0.9237298131715553,202.4918414022198,0.27303732933068897
44,44,-706.9424427486147,0.17123272778836357,-493.9294072495608,0.42450421598749527,-107.73761236646037,0.9201052447326856,176.90801065827628,0.22442324518735868
45,45,-780.6785236265656,-0.09025810380720248,-497.43360467017357,0.35278556200097627,-76.48040251320036,1.00494591855178,189.18437350543306,0.2936607314267514
46,46,-725.0927658850538,0.11543636418392586,-477.405663974921,0.43301183961195067,-71.12850288450544,0.9693987744252236,205.10539469603773,0.26797933167315274
47,47,-814.4974077355464,-0.1079229335453559,-398.17780025439146,0.49257490176677055,-23.777605521756566,1.0314460661431268,212.23206411151034,0.3051442207299467
48,48,-725.9560767898901,0.13663732637962434,-412.0629078719752,0.5017128295028344,-24.64054512778488,0.9604818396745961,197.61364239921815,0.23642954795150337
49,49,-828.8395624401102,-0.13531064008766824,-480.8324255391037,0.3527330013919412,-117.17252898774552,0.8387007764221471,205.889980569725,0.2744871265328476
50,50,-731.0941202435221,0.13183414390337692,-483.3672794503151,0.4831248249399869,-85.34928091542984,1.0171858266956129,188.46196959643012,0.24902072760906144
51,51,-724.5294119775355,0.047111426237607744,-466.5512899695907,0.4096896210489867,-59.90861330685257,1.0126030717182448,207.84560643872908,0.30600914888735653
52,52,-719.8009363389688,0.04141762255601772,-465.3126294970931,0.3897235211079581,-52.20458807788668,0.9775551401619867,202.3177486089953,0.2877227021932281
53,53,-754.2649523881884,-0.04459765708512429,-446.4865274811548,0.4087040033267478,-93.85576932185678,0.9132526418605635,200.6323984792361,0.2884323783885814
54,54,-800.3832731939942,-0.043733338650440524,-457.7894051921365,0.44658010169721707,-120.35759701941087,0.9453521574483444,210.16659420054896,0.30515094377564517
55,55,-706.9424427486147,0.1429858358834142,-443.4084524023512,0.5207287054448334,-13.080636585200168,1.1299038250172913,204.33842986501827,0.2895284692622121
56,56,-800.3832731939942,-0.10920836408853207,-447.5724970510738,0.3737758046478597,6.219333304714925,1.0007814696198862,217.269666879828,0.300889246875974
57,57,-719.4801046272314,0.10749097015529957,-454.2493217664651,0.4296628303426682,-82.30383457130125,0.8839980983147403,221.11893706386135,0.26127863153687186
58,58,-766.6557587033259,-0.05070869750189853,-455.6282717499471,0.41409364678108934,-28.45778440960483,1.0756127929795745,219.65955426702837,0.3320514149509144
59,59,-731.2790415803053,0.049325809931641804,-458.0118162303437,0.4185069707570018,23.128517133168618,1.0435256527556895,198.16498719728224,0.25837546298385594
60,60,-775.1656410625523,-0.048575853743346074,-423.6038729168215,0.4079884712242741,0.6451626396208638,0.9472103800090572,221.4334626148607,0.2827220849654447
61,61,-815.5242081281311,-0.04527682533914,-419.8036124310594,0.45547645516503965,-115.3747207039351,0.8312715042529142,194.42431946339343,0.24317127136322578
62,62,-706.9424427486147,0.17318691950109727,-413.547364743941,0.5711998541677632,-59.28151873567841,1.057173511040222,208.9618079658071,0.2878068959953078
63,63,-744.2670398342317,-0.04829367008179747,-364.1665851886909,0.5268039104377514,-38.720592436295505,1.0116384940834686,222.44130341691923,0.3332180223352295
64,64,-706.9424427486147,0.07126318008105947,-360.77299680314377,0.5391995459796987,-43.37669176374394,0.9770036631284617,217.92138202194351,0.3005366975687719
65,65,-800.3832731939942,-0.1244046137223164,-443.007383520859,0.39836759929118765,-84.37977249523806,0.9225695092756123,227.16047489108766,0.3328995569572221
66,66,-706.9424427486147,0.14575617986518233,-399.40549706185135,0.5567340891025484,40.133040793415326,1.1571981896488852,220.70280336941332,0.30051496624062957
67,67,-711.6686731711416,0.010544559664986904,-418.2338255911858,0.3869010857140169,-8.792501020264154,0.922538160301883,221.1201639420577,0.2884572313501089
68,68,-706.9424427486147,0.022384422822811584,-431.1160626278558,0.3992393270321478,-125.20822232160121,0.8230849560696905,184.78414822682228,0.2559501632957602
69,69,-800.3832731939942,-0.14687473118289873,-408.65028286728887,0.5107877896213825,-79.12941648335676,1.0650549810234329,213.00643377550375,0.3578907189910158
70,70,-706.9424427486147,0.14205495189655323,-378.6977676817251,0.5816896321754986,-67.66443314915361,1.003106960538241,218.5067824627373,0.29564198456061813
71,71,-798.2910208577665,-0.13993400502699424,-360.19585585544394,0.5396224114089938,-81.14091037434225,0.9667547771065522,199.60695837119715,0.3065911207589019
72,72,-800.3832731939942,0.006834331237999513,-429.0739209306901,0.513923516934695,-104.57075861324181,0.9593533880603555,213.61889795530146,0.29123231687642465
73,73,-797.3878658144725,0.008407366106162238,-430.3601133109294,0.5295519537355322,-34.519673187376064,1.088762748611778,223.707936653141,0.3155640121924509
74,74,-706.9424427486147,0.1286966744521323,-384.977394461441,0.5381731407283653,-83.43117341221476,0.925718844659052,199.38001489631802,0.25708053828128125
75,75,-706.9424427486147,0.0111853859280828,-397.7179963128996,0.49352355585624097,-83.57695884492675,0.9892001538428273,197.9089570642196,0.31297346623037536
76,76,-852.5498601099936,-0.2238691794120787,-455.2335423276899,0.40389330731079126,-21.672340821745525,1.0882661019557278,212.05177018499433,0.33486457257511293
77,77,-713.1449573677338,0.17593854174449766,-451.5049238662774,0.4821648476001164,-121.94942988305559,0.8724941902562378,190.45472938970124,0.22478325193785204
78,78,-800.3832731939942,-0.1388726467346004,-446.9946942681479,0.4493276824946087,-33.54280542171749,1.1387791892360517,198.76795658177463,0.3309547213085659
79,79,-722.5358959061747,0.10871618219166129,-447.3190633089619,0.45999968147690773,-87.3824866824164,0.9223384421980249,203.06889089469047,0.2609681236788553
