gen,gen,fit_min,nov_min,fit_avg,nov_avg,fit_max,nov_max,fit_std,nov_std
0,0,-800.3832731939942,0.22805092643807198,-475.1613190659655,0.3162558575412164,-58.91989479872194,0.4695784122589502,210.787247327009,0.07895993270043397
1,1,-766.7667306401339,0.22805092643807198,-581.1479207212013,0.39479143928125326,-95.15348814801678,0.4999345524552304,171.20398198936414,0.0723960814523199
2,2,-800.3832731939942,0.2240039681330747,-635.0246221815967,0.42359799198351616,-137.06868159415913,0.4999345524552304,129.15388412667087,0.05453992957730635
3,3,-706.9424427486147,0.2398236644446462,-665.0586665972343,0.4517846643407589,-511.9323488425196,0.4999345524552304,48.87489826755959,0.04093013725268597
4,4,-706.9424427486147,0.423470321425094,-673.9129035101703,0.4701602301972102,-597.2379266398706,0.4999345524552304,33.14257602427789,0.024746728953125796
5,5,-706.9424427486147,0.2635095628960353,-687.0471403533277,0.47987379859238116,-597.2379266398706,0.4999345524552304,31.029466727350624,0.03412551319205033
6,6,-706.9424427486147,0.4251134462747082,-697.2330885538324,0.49191432145303693,-597.2379266398706,0.4999345524552304,26.174287540318275,0.01828197622952694
7,7,-706.9424427486147,0.46343446148052214,-704.5299887147988,0.49888534148772207,-597.2379266398706,0.4999345524552304,14.701045073916882,0.005545071475693948
8,8,-706.9424427486147,0.31287143949793067,-695.7890561041804,0.5015667243478636,-390.5484869961526,0.5589146886690818,44.120901710753,0.026735573663666228
9,9,-706.9424427486147,0.3264243538654551,-671.0152128909459,0.5018784299524093,-330.0489591184371,0.5496655786246292,74.91326289160408,0.040547291375756814
10,10,-706.9424427486147,0.3264243538654551,-636.3993356073518,0.5210953470843199,-330.0489591184371,0.5581295029440617,81.67551841759547,0.03200197224479214
11,11,-706.9424427486147,0.34503538414716306,-622.4543283304486,0.5354239399908289,-414.848653674901,0.5581295029440617,62.979081903567874,0.02855624449251455
12,12,-706.9424427486147,0.3251290974534935,-617.9650766218929,0.5404063935468647,-542.3669695922534,0.5581295029440617,47.85588815448052,0.037893438654003186
13,13,-706.9424427486147,0.4999345524552304,-606.6158694238748,0.5581249871724896,-542.3669695922534,0.6229083397490782,54.97093384702274,0.0230275768003276
14,14,-737.0497307577742,0.23365008731434692,-600.9598117751656,0.5615376857093635,-449.63476644155907,0.633699210328859,70.16766906288936,0.06145675630896012
15,15,-737.0497307577742,0.5475588714182245,-624.2964161715394,0.5849166677933059,-542.3669695922534,0.633699210328859,79.88573411895091,0.035153927446013825
16,16,-710.6668277647827,0.4429365324556468,-664.0618136649897,0.6023369014667092,-542.3669695922534,0.633699210328859,70.3524415491164,0.041867193881174596
17,17,-710.6668277647827,0.5169720917766908,-703.7367759442444,0.623439457432097,-542.3669695922534,0.633699210328859,20.328536581303915,0.025785862617377774
18,18,-710.6668277647827,0.6229083397490782,-707.3680867504626,0.6330825891528714,-706.9424427486147,0.633699210328859,1.1849427523702118,0.002504727057417012
19,19,-730.1440536988026,0.42907370827884467,-707.0178305347104,0.629917045353281,-640.6009716149334,0.633699210328859,8.551884737393957,0.025209239658889934
20,20,-710.6668277647827,0.39977495707180294,-697.0210231088121,0.6308842092702107,-221.1967884562517,0.6468494708263662,60.15539741364001,0.027934495071704743
21,21,-710.6668277647827,0.633699210328859,-691.3529555789813,0.6367024122476374,-496.27878192858884,0.6768273274283063,49.46704446532961,0.009699666155879338
22,22,-710.6668277647827,0.633699210328859,-678.6533322243488,0.638693978590039,-496.27878192858884,0.6768273274283063,61.532877558222616,0.011634911997044077
23,23,-710.6668277647827,0.26369150484150045,-645.2393086321422,0.6336656343516647,-118.5227969478931,0.6768273274283063,99.14379195056668,0.05652778069293983
24,24,-710.6668277647827,0.40810871524602693,-603.4540433170826,0.6463397230102773,-496.27878192858884,0.6768273274283063,79.08710365273718,0.042170738670738894
25,25,-710.6668277647827,0.419041858575913,-564.0790030564032,0.6505983964397483,-496.27878192858884,0.6768273274283063,72.03485203241216,0.05354223298182301
26,26,-650.5632177443373,0.6442728684855321,-523.2545091892488,0.6709588612273484,-496.27878192858884,0.6768273274283063,45.593147181901585,0.011091855591329962
27,27,-650.5632177443373,0.25067584010750976,-504.61652052405117,0.6690484098729552,-278.090246991171,0.6768273274283063,39.75333294596795,0.05063186516913975
28,28,-650.5632177443373,0.6468494708263662,-507.38823514872473,0.6763002173247562,-496.27878192858884,0.7106473872507049,35.086699797849946,0.008481285425535315
29,29,-706.9424427486147,0.6514617949964886,-507.30173307296104,0.6787415930752851,-496.27878192858884,0.7106473872507049,34.86505724009669,0.009375713364464747
30,30,-592.0253202861874,0.3266779522322167,-496.0127804447496,0.6713906079809254,-157.4366749730668,0.7106473872507049,48.396734438259436,0.046445315547275504
31,31,-592.0253202861874,0.07617186644714609,-500.94747339722807,0.6644897275280469,-351.8908113836599,0.7466406552811028,37.19908456923005,0.10194908379399902
32,32,-702.9714261470061,0.1602829194951724,-510.82497808905174,0.678572077499417,-351.8908113836599,0.7466406552811028,54.724018570272136,0.06504995303887172
33,33,-592.0253202861874,0.6768273274283063,-529.0622714792778,0.6953109718009224,-351.8908113836599,0.7466406552811028,63.60374307020164,0.02066547801967334
34,34,-706.9424427486147,0.5217856065448009,-537.056128452374,0.7036602656733704,-351.8908113836599,0.7466406552811028,91.55173764802493,0.03766919338923789
35,35,-706.9424427486147,0.3454879291529056,-511.18228804891623,0.7039191656815209,-281.00068897004087,0.7466406552811028,115.09141711297806,0.06957557954811729
36,36,-592.0253202861874,0.2585928495731897,-465.26204450650204,0.712341287269009,-295.03254907890044,0.7466406552811028,119.31835056520573,0.0799360967658052
37,37,-592.0253202861874,0.3170958495855334,-387.32665438494973,0.723472686056154,-351.8908113836599,0.7466406552811028,84.09296065427698,0.0850710395805103
38,38,-622.7543975282846,0.1844994949512287,-363.5979297807784,0.7203459621751255,-165.0261425292032,0.7466406552811028,63.15097793116457,0.10593871190193534
39,39,-607.1211640867281,0.1844994949512287,-358.4441357289036,0.7329329389620528,-351.8908113836599,0.7466406552811028,38.4613935922631,0.0811326542474638
40,40,-351.8908113836599,0.7466406552811028,-351.89081138365987,0.7466406552811029,-351.8908113836599,0.7466406552811028,5.684341886080802e-14,1.1102230246251565e-16
41,41,-351.8908113836599,0.026346533307132287,-351.89081138365987,0.7363507392529033,-351.8908113836599,0.7466406552811028,5.684341886080802e-14,0.08547446202726579
42,42,-491.5221476342797,0.02743240345699836,-353.88554475866874,0.7346336965464592,-351.8908113836599,0.7466406552811028,16.569499853007652,0.08634460668193893
43,43,-351.8908113836599,0.7466406552811028,-351.89081138365987,0.7466406552811029,-351.8908113836599,0.7466406552811028,5.684341886080802e-14,1.1102230246251565e-16
44,44,-351.8908113836599,0.7466406552811028,-351.89081138365987,0.7466406552811029,-351.8908113836599,0.7466406552811028,5.684341886080802e-14,1.1102230246251565e-16
45,45,-351.8908113836599,0.022629671316144358,-351.89081138365987,0.7259546271678183,-351.8908113836599,0.7466406552811028,5.684341886080802e-14,0.12061923482397953
46,46,-351.8908113836599,0.7466406552811028,-351.89081138365987,0.7466406552811029,-351.8908113836599,0.7466406552811028,5.684341886080802e-14,1.1102230246251565e-16
47,47,-526.8577087261702,0.07497055759402975,-354.39033848855286,0.737142054113292,-351.8908113836599,0.7534086712214177,20.762631495514768,0.07972012530243995
48,48,-573.3817222002326,0.07497055759402975,-360.05402146225407,0.7375438969662073,-351.8908113836599,0.7680016390448475,38.844082835020565,0.07981192651702057
49,49,-573.3817222002326,0.7466406552811028,-373.88091451454943,0.7480395557238572,-351.8908113836599,0.7680016390448475,61.68957101625694,0.0045684015796321545
50,50,-573.3817222002326,0.7466406552811028,-402.1993293830554,0.750048769988433,-351.8908113836599,0.7680016390448475,86.3078916620855,0.006861201692374426
51,51,-573.3817222002326,0.3043622231855932,-450.7968981653664,0.7395441695803042,-287.5921851442652,0.7680016390448475,105.09273265334554,0.07350491560885196
52,52,-573.3817222002326,0.46357187776005254,-488.3020127275748,0.7487863579454306,-188.7478818400646,0.7680016390448475,106.32404602315766,0.04866613829622292
53,53,-701.4270493871836,0.4337725641806658,-525.5957288854103,0.757286973471361,-351.8908113836599,0.7680016390448475,89.49712888430422,0.03995792624071434
54,54,-625.8048912879884,0.3813032937093087,-527.7885385488236,0.7501966586735892,-144.27122555737046,0.7680016390448475,97.43458978168319,0.06299562141978036
55,55,-573.3817222002326,0.30837943579792954,-564.3948954069555,0.7571758545941537,-351.8908113836599,0.7680016390448475,38.007700077142914,0.06000918809872744
56,56,-573.3817222002326,0.7534086712214177,-572.0524646724023,0.7675846971070351,-526.8577087261702,0.7680016390448475,7.750836700639778,0.002431168382326982
57,57,-712.8672629233292,0.7680016390448475,-575.374372781991,0.768118501011335,-573.3817222002326,0.7761819766989821,16.552198872892934,0.0009707283994937413
58,58,-712.8672629233292,0.0,-581.3523245272668,0.757497634924443,-573.3817222002326,0.7761819766989821,32.37673970645287,0.09121174752760833
59,59,-712.8672629233292,0.1906782301258519,-585.445003355157,0.7547057056282847,-301.9270772601744,0.7761819766989821,55.952883261653696,0.08425178092405267
60,60,-712.8672629233292,0.5937562539858378,-610.0997368942099,0.7677327966215552,-493.417477039801,0.7761819766989821,63.43585102119836,0.021256204282696478
