gen,gen,min,avg,max,std
0,0,-586.1811230124296,-301.7902015885439,65.17505251906731,190.1527886880722
1,1,-555.9420346826965,-243.85637487583708,65.17505251906731,175.02552633803774
2,2,-489.1408154758777,-164.5086150821863,65.17505251906731,138.33806656212747
3,3,-489.1408154758777,-169.7904507936243,65.17505251906731,130.21668498120786
4,4,-394.70323590997714,-134.18139070439514,65.17505251906731,109.21577822904408
5,5,-394.70323590997714,-117.27120750629733,65.17505251906731,140.29106056638835
6,6,-390.00699982118795,-78.17263303946253,65.17505251906731,116.0972777273336
7,7,-390.00699982118795,-88.14883514250775,65.17505251906731,134.76644630609098
8,8,-390.00699982118795,-101.11390731283893,65.17505251906731,125.42848064891915
9,9,-378.22083403515234,-81.81609636396044,65.17505251906731,108.31073471950963
10,10,-341.92640487493696,-71.88196279305909,65.17505251906731,88.40485702997282
11,11,-265.0049501360182,-62.216959122866605,65.17505251906731,83.6260409631265
12,12,-265.0049501360182,-51.171354272574774,65.17505251906731,76.4102807349352
13,13,-265.0049501360182,-51.14891583151694,65.17505251906731,82.22190639672952
14,14,-265.0049501360182,-65.73606161234986,65.17505251906731,95.41302040761039
15,15,-265.0049501360182,-72.41701926825363,65.17505251906731,92.45266749731401
16,16,-265.0049501360182,-55.81511653606326,65.17505251906731,66.2055366881751
17,17,-265.0049501360182,-45.43713803775537,65.17505251906731,68.91604418537831
18,18,-120.36623188876995,-39.68735487303277,65.17505251906731,49.54593318659423
19,19,-96.76305219128209,-33.033848647099354,65.17505251906731,45.047739676461156
20,20,-96.76305219128209,-43.82893901130943,65.17505251906731,38.49871380152295
21,21,-96.76305219128209,-40.152907277932385,65.17505251906731,46.97673354500684
22,22,-96.76305219128209,-46.5479231700098,65.17505251906731,36.33893211879052
23,23,-96.76305219128209,-58.39496769847565,65.17505251906731,28.31369647082797
24,24,-96.76305219128209,-61.44801204208942,-32.60851479528907,19.239132741592375
25,25,-96.76305219128209,-59.69690649135625,-17.90275877765323,21.045971911902605
26,26,-96.76305219128209,-60.32855527432913,-17.90275877765323,19.73417697111512
27,27,-96.76305219128209,-53.13088018969886,-17.90275877765323,17.33833539373072
28,28,-120.36623188876995,-48.788534711856876,-17.90275877765323,19.250799669676077
29,29,-120.36623188876995,-53.59842723556932,-32.60851479528907,21.772249193959638
30,30,-120.36623188876995,-46.4953267269736,-6.764771241209835,20.53633164259196
31,31,-120.36623188876995,-46.77618068923474,-4.6619909625085825,20.75276859528875
32,32,-96.76305219128209,-48.56954384165979,65.17505251906731,24.484206045402697
33,33,-96.76305219128209,-45.07708359082324,65.17505251906731,30.245870874153386
34,34,-64.2835593314767,-47.33725589156745,65.17505251906731,23.092842072879655
35,35,-70.4741260300333,-43.228215594406066,65.17505251906731,28.298290730290333
36,36,-70.4741260300333,-40.57074105249053,65.17505251906731,32.59096877097585
37,37,-70.4741260300333,-32.6950153286643,65.17505251906731,34.771468979045466
38,38,-60.009889684208794,-29.588963835844616,65.17505251906731,34.270918617911654
39,39,-60.009889684208794,-27.284063262865413,65.17505251906731,35.28836883912037
40,40,-54.433664768924395,-31.480499319368214,65.17505251906731,26.25755277983111
41,41,-131.42706407414133,-27.383355488577784,65.17505251906731,32.71533252875646
42,42,-131.42706407414133,-28.981855027425077,65.17505251906731,33.748738631333204
43,43,-131.42706407414133,-30.23788836142567,65.17505251906731,36.29160882128719
44,44,-131.42706407414133,-15.771887901218964,65.17505251906731,43.00562986578518
45,45,-48.72588913483628,-11.429069735511423,65.17505251906731,35.78043598383671
46,46,-48.72588913483628,-7.1253323063857765,65.17505251906731,34.496801507046136
47,47,-48.72588913483628,-9.631102330865977,65.17505251906731,26.663309557343226
48,48,-42.803154359850026,-13.731828916256669,65.17505251906731,23.533511402407356
49,49,-42.803154359850026,-9.62256777970696,65.17505251906731,25.028963171299583
50,50,-65.56901217701487,-11.685781121960527,65.17505251906731,26.007357881599276
51,51,-65.56901217701487,-7.325923704664058,22.93758669389675,27.196305353804302
52,52,-65.56901217701487,-3.7856367258629064,74.00143703243747,30.8737790501028
53,53,-65.56901217701487,0.25403494626697454,74.00143703243747,25.922932406718925
54,54,-65.56901217701487,-3.6137942220713732,74.00143703243747,33.51698466298674
55,55,-65.56901217701487,-4.900388244226792,74.00143703243747,38.43921124157732
56,56,-65.56901217701487,3.4406482290991462,74.00143703243747,46.389932910857794
57,57,-65.56901217701487,-5.63123449957804,70.80358962489402,45.3511431024791
58,58,-96.76305219128209,-10.251344752173981,70.80358962489402,50.432275971026314
59,59,-96.76305219128209,-17.29710966662688,70.80358962489402,54.064273203643616
60,60,-96.76305219128209,-29.383376557541,70.80358962489402,50.687574178910765
61,61,-96.76305219128209,-19.41059651724546,70.80358962489402,53.33348666511869
62,62,-96.76305219128209,-21.31278268772651,70.80358962489402,53.31793318692909
63,63,-96.76305219128209,-24.391438002029304,70.80358962489402,55.72431664107673
64,64,-96.76305219128209,-14.123434674115279,70.80358962489402,63.7489008445165
65,65,-96.76305219128209,-10.856461000108304,70.80358962489402,64.69270539088537
66,66,-96.76305219128209,-10.158063618878868,70.80358962489402,66.9981145434528
67,67,-96.76305219128209,-0.5306542417496146,70.80358962489402,67.47639697594201
68,68,-96.76305219128209,7.981864743701618,70.80358962489402,65.00154131724283
69,69,-96.76305219128209,3.0183562977974994,70.80358962489402,65.2029853880107
70,70,-65.56901217701487,-0.844393193023862,70.80358962489402,64.46455906021231
71,71,-63.37136389713309,10.28266091728442,70.80358962489402,62.92433575906352
72,72,-65.56901217701487,7.055826197500134,78.67020103889918,61.68088128320211
73,73,-63.37136389713309,-3.389573235759321,78.67020103889918,62.28701889555633
74,74,-63.37136389713309,15.988141589497223,78.67020103889918,61.21380804905511
75,75,-63.37136389713309,-0.6797185004584808,70.80358962489402,62.22659979930318
76,76,-65.56901217701487,-16.12861537646698,70.80358962489402,58.21265196059005
77,77,-65.56901217701487,-28.38172676307344,70.80358962489402,50.05995689235203
78,78,-63.37136389713309,-21.71035787290317,70.80358962489402,49.66804260426646
79,79,-65.56901217701487,-27.481853511327483,70.80358962489402,45.70359641870126
